
While loading ./spec/controllers/users_controller_spec.rb a `raise SyntaxError` occurred, RSpec will now quit.
[31mFailure/Error:[0m
[31m  RSpec.describe UsersController, type: :controller do[0m
[31m    let!(:user) { create(:user) }[0m
[31m  [0m
[31m    describe 'GET #edit' do[0m
[31m      render_views[0m
[31m      context 'ログインユーザーの場合' do[0m
[31m        before do[0m
[31m          sign_in user[0m
[31m          get :edit, params: { id: user.id }[0m
[31m        end[0m
[31m[0m
[31mSyntaxError:[0m
[31m  /home/ec2-user/environment/bookers2/app/controllers/users_controller.rb:3: syntax error, unexpected [, expecting `do' or '{' or '('[0m
[31m  ...n :authenticate_user!, except [:top][0m
[31m  ...                              ^[0m
[36m# ./spec/controllers/users_controller_spec.rb:3:in `<top (required)>'[0m

Bookモデルのテスト
  バリデーションのテスト
    titleカラム
[32m      空欄でないこと[0m
    bodyカラム
[32m      空欄でないこと[0m
[32m      200文字以下であること: 200文字は〇[0m
[31m      200文字以下であること: 201文字は× (FAILED - 1)[0m
  アソシエーションのテスト
    Userモデルとの関係
[32m      N:1となっている[0m

Userモデルのテスト
  バリデーションのテスト
    nameカラム
[32m      空欄でないこと[0m
[32m      2文字以上であること: 1文字は×[0m
[32m      2文字以上であること: 2文字は〇[0m
[32m      20文字以下であること: 20文字は〇[0m
[32m      20文字以下であること: 21文字は×[0m
[31m      一意性があること (FAILED - 2)[0m
    introductionカラム
[32m      50文字以下であること: 50文字は〇[0m
[32m      50文字以下であること: 51文字は×[0m
  アソシエーションのテスト
    Bookモデルとの関係
[32m      1:Nとなっている[0m

[STEP1] ユーザログイン前のテスト
  トップ画面のテスト
    表示内容の確認
[32m      URLが正しい[0m
[31m      Log inリンクが表示される: 青色のボタンの表示が「Log in」である (FAILED - 3)[0m
[31m      Log inリンクの内容が正しい (FAILED - 4)[0m
[31m      Sign upリンクが表示される: 緑色のボタンの表示が「Sign up」である (FAILED - 5)[0m
[31m      Sign upリンクの内容が正しい (FAILED - 6)[0m
  アバウト画面のテスト
    表示内容の確認
[32m      URLが正しい[0m
  ヘッダーのテスト: ログインしていない場合
    表示内容の確認
[31m      Bookersリンクが表示される: 左上から1番目のリンクが「Bookers」である (FAILED - 7)[0m
[31m      Homeリンクが表示される: 左上から2番目のリンクが「Home」である (FAILED - 8)[0m
[31m      Aboutリンクが表示される: 左上から3番目のリンクが「About」である (FAILED - 9)[0m
[32m      Sign upリンクが表示される: 左上から4番目のリンクが「Sign up」である[0m
[31m      Log inリンクが表示される: 左上から5番目のリンクが「Log in」である (FAILED - 10)[0m
    リンクの内容を確認
[31m      Bookersを押すと、トップ画面に遷移する (FAILED - 11)[0m
[31m      Homeを押すと、トップ画面に遷移する (FAILED - 12)[0m
[31m      Aboutを押すと、アバウト画面に遷移する (FAILED - 13)[0m
[32m      Sign upを押すと、新規登録画面に遷移する[0m
[31m      Log inを押すと、ログイン画面に遷移する (FAILED - 14)[0m
  ユーザ新規登録のテスト
    表示内容の確認
[32m      URLが正しい[0m
[32m      「Sign up」と表示される[0m
[32m      nameフォームが表示される[0m
[32m      emailフォームが表示される[0m
[32m      passwordフォームが表示される[0m
[32m      password_confirmationフォームが表示される[0m
[32m      Sign upボタンが表示される[0m
    新規登録成功のテスト
[32m      正しく新規登録される[0m
[31m      新規登録後のリダイレクト先が、新規登録できたユーザの詳細画面になっている (FAILED - 15)[0m
  ユーザログイン
    表示内容の確認
[32m      URLが正しい[0m
[32m      「Log in」と表示される[0m
[32m      nameフォームが表示される[0m
[32m      passwordフォームが表示される[0m
[32m      Log inボタンが表示される[0m
[32m      emailフォームは表示されない[0m
    ログイン成功のテスト
[31m      ログイン後のリダイレクト先が、ログインしたユーザの詳細画面になっている (FAILED - 16)[0m
    ログイン失敗のテスト
[32m      ログインに失敗し、ログイン画面にリダイレクトされる[0m
  ヘッダーのテスト: ログインしている場合
    ヘッダーの表示を確認
[31m      Bookersリンクが表示される: 左上から1番目のリンクが「Bookers」である (FAILED - 17)[0m
[31m      Homeリンクが表示される: 左上から2番目のリンクが「Home」である (FAILED - 18)[0m
[31m      Usersリンクが表示される: 左上から3番目のリンクが「Users」である (FAILED - 19)[0m
[31m      Booksリンクが表示される: 左上から4番目のリンクが「Books」である (FAILED - 20)[0m
[31m      Log outリンクが表示される: 左上から5番目のリンクが「Log out」である (FAILED - 21)[0m
  ユーザログアウトのテスト
    ログアウト機能のテスト
[31m      正しくログアウトできている: ログアウト後のリダイレクト先においてAbout画面へのリンクが存在する (FAILED - 22)[0m
[31m      ログアウト後のリダイレクト先が、トップになっている (FAILED - 23)[0m

[STEP2] ユーザログイン後のテスト
  ヘッダーのテスト: ログインしている場合
    リンクの内容を確認: ※logoutは『ユーザログアウトのテスト』でテスト済みになります。
[31m      Homeを押すと、自分のユーザ詳細画面に遷移する (FAILED - 24)[0m
[31m      Usersを押すと、ユーザ一覧画面に遷移する (FAILED - 25)[0m
[31m      Booksを押すと、投稿一覧画面に遷移する (FAILED - 26)[0m
  投稿一覧画面のテスト
    表示内容の確認
[32m      URLが正しい[0m
[31m      自分と他人の画像のリンク先が正しい (FAILED - 27)[0m
[32m      自分の投稿と他人の投稿のタイトルのリンク先がそれぞれ正しい[0m
[32m      自分の投稿と他人の投稿のオピニオンが表示される[0m
    サイドバーの確認
[31m      自分の名前と紹介文が表示される (FAILED - 28)[0m
[31m      自分のユーザ編集画面へのリンクが存在する (FAILED - 29)[0m
[31m      「New book」と表示される (FAILED - 30)[0m
[32m      titleフォームが表示される[0m
[32m      titleフォームに値が入っていない[0m
[32m      bodyフォームが表示される[0m
[32m      bodyフォームに値が入っていない[0m
[31m      Create Bookボタンが表示される (FAILED - 31)[0m
    投稿成功のテスト
[31m      自分の新しい投稿が正しく保存される (FAILED - 32)[0m
[31m      リダイレクト先が、保存できた投稿の詳細画面になっている (FAILED - 33)[0m
  自分の投稿詳細画面のテスト
    表示内容の確認
[32m      URLが正しい[0m
[31m      「Book detail」と表示される (FAILED - 34)[0m
[31m      ユーザ画像・名前のリンク先が正しい (FAILED - 35)[0m
[32m      投稿のtitleが表示される[0m
[32m      投稿のbodyが表示される[0m
[31m      投稿の編集リンクが表示される (FAILED - 36)[0m
[31m      投稿の削除リンクが表示される (FAILED - 37)[0m
    サイドバーの確認
[31m      自分の名前と紹介文が表示される (FAILED - 38)[0m
[31m      自分のユーザ編集画面へのリンクが存在する (FAILED - 39)[0m
[31m      「New book」と表示される (FAILED - 40)[0m
[31m      titleフォームが表示される (FAILED - 41)[0m
[31m      titleフォームに値が入っていない (FAILED - 42)[0m
[31m      bodyフォームが表示される (FAILED - 43)[0m
[31m      bodyフォームに値が入っていない (FAILED - 44)[0m
[31m      Create Bookボタンが表示される (FAILED - 45)[0m
    投稿成功のテスト
[31m      自分の新しい投稿が正しく保存される (FAILED - 46)[0m
    編集リンクのテスト
[31m      編集画面に遷移する (FAILED - 47)[0m
    削除リンクのテスト
[31m      application.html.erbにjavascript_pack_tagを含んでいる (FAILED - 48)[0m
[31m      正しく削除される (FAILED - 49)[0m
[31m      リダイレクト先が、投稿一覧画面になっている (FAILED - 50)[0m
  自分の投稿編集画面のテスト
    表示の確認
[32m      URLが正しい[0m
[32m      「Editing Book」と表示される[0m
[32m      title編集フォームが表示される[0m
[32m      body編集フォームが表示される[0m
[31m      Update Bookボタンが表示される (FAILED - 51)[0m
[31m      Showリンクが表示される (FAILED - 52)[0m
[31m      Backリンクが表示される (FAILED - 53)[0m
    編集成功のテスト
[31m      titleが正しく更新される (FAILED - 54)[0m
[31m      bodyが正しく更新される (FAILED - 55)[0m
[31m      リダイレクト先が、更新した投稿の詳細画面になっている (FAILED - 56)[0m
  ユーザ一覧画面のテスト
    表示内容の確認
[31m      URLが正しい (FAILED - 57)[0m
[31m      自分と他人の画像が表示される: fallbackの画像がサイドバーの1つ＋一覧(2人)の2つの計3つ存在する (FAILED - 58)[0m
[31m      自分と他人の名前がそれぞれ表示される (FAILED - 59)[0m
[31m      自分と他人のshowリンクがそれぞれ表示される (FAILED - 60)[0m
    サイドバーの確認
[31m      自分の名前と紹介文が表示される (FAILED - 61)[0m
[31m      自分のユーザ編集画面へのリンクが存在する (FAILED - 62)[0m
[31m      「New book」と表示される (FAILED - 63)[0m
[31m      titleフォームが表示される (FAILED - 64)[0m
[31m      titleフォームに値が入っていない (FAILED - 65)[0m
[31m      bodyフォームが表示される (FAILED - 66)[0m
[31m      bodyフォームに値が入っていない (FAILED - 67)[0m
[31m      Create Bookボタンが表示される (FAILED - 68)[0m
  自分のユーザ詳細画面のテスト
    表示の確認
[31m      URLが正しい (FAILED - 69)[0m
[31m      投稿一覧のユーザ画像のリンク先が正しい (FAILED - 70)[0m
[31m      投稿一覧に自分の投稿のtitleが表示され、リンクが正しい (FAILED - 71)[0m
[31m      投稿一覧に自分の投稿のbodyが表示される (FAILED - 72)[0m
[31m      他人の投稿は表示されない (FAILED - 73)[0m
    サイドバーの確認
[31m      自分の名前と紹介文が表示される (FAILED - 74)[0m
[31m      自分のユーザ編集画面へのリンクが存在する (FAILED - 75)[0m
[31m      「New book」と表示される (FAILED - 76)[0m
[31m      titleフォームが表示される (FAILED - 77)[0m
[31m      titleフォームに値が入っていない (FAILED - 78)[0m
[31m      bodyフォームが表示される (FAILED - 79)[0m
[31m      bodyフォームに値が入っていない (FAILED - 80)[0m
[31m      Create Bookボタンが表示される (FAILED - 81)[0m
  自分のユーザ情報編集画面のテスト
    表示の確認
[31m      URLが正しい (FAILED - 82)[0m
[31m      名前編集フォームに自分の名前が表示される (FAILED - 83)[0m
[31m      画像編集フォームが表示される (FAILED - 84)[0m
[31m      自己紹介編集フォームに自分の自己紹介文が表示される (FAILED - 85)[0m
[31m      Update Userボタンが表示される (FAILED - 86)[0m
    更新成功のテスト
[31m      nameが正しく更新される (FAILED - 87)[0m
[31m      introductionが正しく更新される (FAILED - 88)[0m
[31m      リダイレクト先が、自分のユーザ詳細画面になっている (FAILED - 89)[0m

[STEP3] 仕上げのテスト
  サクセスメッセージのテスト
[32m    ユーザ新規登録成功時[0m
[32m    ユーザログイン成功時[0m
[31m    ユーザログアウト成功時 (FAILED - 90)[0m
[31m    ユーザのプロフィール情報更新成功時 (FAILED - 91)[0m
[31m    投稿データの新規投稿成功時: 投稿一覧画面から行います。 (FAILED - 92)[0m
[31m    投稿データの更新成功時 (FAILED - 93)[0m
  処理失敗時のテスト
    ユーザ新規登録失敗: nameを1文字にする
[32m      新規登録されない[0m
[32m      新規登録画面を表示しており、フォームの内容が正しい[0m
[32m      バリデーションエラーが表示される[0m
    ユーザのプロフィール情報編集失敗: nameを1文字にする
[31m      更新されない (FAILED - 94)[0m
[31m      ユーザ編集画面を表示しており、フォームの内容が正しい (FAILED - 95)[0m
[31m      バリデーションエラーが表示される (FAILED - 96)[0m
    投稿データの新規投稿失敗: 投稿一覧画面から行い、titleを空にする
[31m      投稿が保存されない (FAILED - 97)[0m
[31m      投稿一覧画面を表示している (FAILED - 98)[0m
[32m      新規投稿フォームの内容が正しい[0m
[31m      バリデーションエラーが表示される (FAILED - 99)[0m
    投稿データの更新失敗: titleを空にする
[31m      投稿が更新されない (FAILED - 100)[0m
[31m      投稿編集画面を表示しており、フォームの内容が正しい (FAILED - 101)[0m
[31m      エラーメッセージが表示される (FAILED - 102)[0m
  ログインしていない場合のアクセス制限のテスト: アクセスできず、ログイン画面に遷移する
[31m    ユーザ一覧画面 (FAILED - 103)[0m
[31m    ユーザ詳細画面 (FAILED - 104)[0m
[31m    ユーザ情報編集画面 (FAILED - 105)[0m
[31m    投稿一覧画面 (FAILED - 106)[0m
[31m    投稿詳細画面 (FAILED - 107)[0m
[31m    投稿編集画面 (FAILED - 108)[0m
  他人の画面のテスト
    他人の投稿詳細画面のテスト
      表示内容の確認
[32m        URLが正しい[0m
[31m        「Book detail」と表示される (FAILED - 109)[0m
[31m        ユーザ画像・名前のリンク先が正しい (FAILED - 110)[0m
[32m        投稿のtitleが表示される[0m
[32m        投稿のopinionが表示される[0m
[32m        投稿の編集リンクが表示されない[0m
[32m        投稿の削除リンクが表示されない[0m
      サイドバーの確認
[31m        他人の名前と紹介文が表示される (FAILED - 111)[0m
[31m        他人のユーザ編集画面へのリンクが存在する (FAILED - 112)[0m
[32m        自分の名前と紹介文は表示されない[0m
[32m        自分のユーザ編集画面へのリンクは存在しない[0m
    他人の投稿編集画面
[32m      遷移できず、投稿一覧画面にリダイレクトされる[0m
    他人のユーザ詳細画面のテスト
      表示の確認
[31m        URLが正しい (FAILED - 113)[0m
[31m        投稿一覧のユーザ画像のリンク先が正しい (FAILED - 114)[0m
[31m        投稿一覧に他人の投稿のtitleが表示され、リンクが正しい (FAILED - 115)[0m
[31m        投稿一覧に他人の投稿のopinionが表示される (FAILED - 116)[0m
[31m        自分の投稿は表示されない (FAILED - 117)[0m
      サイドバーの確認
[31m        他人の名前と紹介文が表示される (FAILED - 118)[0m
[31m        他人のユーザ編集画面へのリンクが存在する (FAILED - 119)[0m
[31m        自分の名前と紹介文は表示されない (FAILED - 120)[0m
[31m        自分のユーザ編集画面へのリンクは存在しない (FAILED - 121)[0m
    他人のユーザ情報編集画面
[31m      遷移できず、自分のユーザ詳細画面にリダイレクトされる (FAILED - 122)[0m
  グリッドシステムのテスト: container, row, col-md-〇を正しく使えている
[31m    ユーザ一覧画面 (FAILED - 123)[0m
[31m    ユーザ詳細画面 (FAILED - 124)[0m
[31m    投稿一覧画面 (FAILED - 125)[0m
[31m    投稿詳細画面 (FAILED - 126)[0m
  アイコンのテスト
    トップ画面
[31m      本のアイコンが表示される (FAILED - 127)[0m
    アバウト画面
[31m      本のアイコンが表示される (FAILED - 128)[0m
    ヘッダー: ログインしていない場合
[31m      Homeリンクのアイコンが表示される (FAILED - 129)[0m
[31m      Aboutリンクのアイコンが表示される (FAILED - 130)[0m
[31m      Sign upリンクのアイコンが表示される (FAILED - 131)[0m
[31m      Log inリンクのアイコンが表示される (FAILED - 132)[0m
    ヘッダー: ログインしている場合
[31m      Homeリンクのアイコンが表示される (FAILED - 133)[0m
[31m      Usersリンクのアイコンが表示される (FAILED - 134)[0m
[31m      Booksリンクのアイコンが表示される (FAILED - 135)[0m
[31m      Log outリンクのアイコンが表示される (FAILED - 136)[0m
    サイドバー
[31m      ユーザ一覧画面でレンチアイコンが表示される (FAILED - 137)[0m
[31m      ユーザ詳細画面でレンチアイコンが表示される (FAILED - 138)[0m
[31m      投稿一覧画面でレンチアイコンが表示される (FAILED - 139)[0m
[31m      投稿詳細画面でレンチアイコンが表示される (FAILED - 140)[0m

Failures:

  1) Bookモデルのテスト バリデーションのテスト bodyカラム 200文字以下であること: 201文字は×
     [31mFailure/Error: is_expected.to eq false[0m
     [31m[0m
     [31m  expected: false[0m
     [31m       got: true[0m
     [31m[0m
     [31m  (compared using ==)[0m
     [31m[0m
     [31m  Diff:[0m[0m
     [31m  [0m[34m@@ -1 +1 @@[0m
     [31m  [0m[31m-false[0m
     [31m  [0m[32m+true[0m
     [31m  [0m[0m
     [36m# ./spec/models/book_spec.rb:28:in `block (4 levels) in <main>'[0m

  2) Userモデルのテスト バリデーションのテスト nameカラム 一意性があること
     [31mFailure/Error: is_expected.to eq false[0m
     [31m[0m
     [31m  expected: false[0m
     [31m       got: true[0m
     [31m[0m
     [31m  (compared using ==)[0m
     [31m[0m
     [31m  Diff:[0m[0m
     [31m  [0m[34m@@ -1 +1 @@[0m
     [31m  [0m[31m-false[0m
     [31m  [0m[32m+true[0m
     [31m  [0m[0m
     [36m# ./spec/models/user_spec.rb:33:in `block (4 levels) in <main>'[0m

  3) [STEP1] ユーザログイン前のテスト トップ画面のテスト 表示内容の確認 Log inリンクが表示される: 青色のボタンの表示が「Log in」である
     [31mFailure/Error: log_in_link = find_all('a')[5].text[0m
     [31m[0m
     [31mNoMethodError:[0m
     [31m  undefined method `text' for nil:NilClass[0m
     [31m[0m
     [31m          log_in_link = find_all('a')[5].text[0m
     [31m                                        ^^^^^[0m
     [36m# ./spec/system/01_before_login_spec.rb:14:in `block (4 levels) in <main>'[0m

  4) [STEP1] ユーザログイン前のテスト トップ画面のテスト 表示内容の確認 Log inリンクの内容が正しい
     [31mFailure/Error: log_in_link = find_all('a')[5].text[0m
     [31m[0m
     [31mNoMethodError:[0m
     [31m  undefined method `text' for nil:NilClass[0m
     [31m[0m
     [31m          log_in_link = find_all('a')[5].text[0m
     [31m                                        ^^^^^[0m
     [36m# ./spec/system/01_before_login_spec.rb:18:in `block (4 levels) in <main>'[0m

  5) [STEP1] ユーザログイン前のテスト トップ画面のテスト 表示内容の確認 Sign upリンクが表示される: 緑色のボタンの表示が「Sign up」である
     [31mFailure/Error: sign_up_link = find_all('a')[6].text[0m
     [31m[0m
     [31mNoMethodError:[0m
     [31m  undefined method `text' for nil:NilClass[0m
     [31m[0m
     [31m          sign_up_link = find_all('a')[6].text[0m
     [31m                                         ^^^^^[0m
     [36m# ./spec/system/01_before_login_spec.rb:22:in `block (4 levels) in <main>'[0m

  6) [STEP1] ユーザログイン前のテスト トップ画面のテスト 表示内容の確認 Sign upリンクの内容が正しい
     [31mFailure/Error: sign_up_link = find_all('a')[6].text[0m
     [31m[0m
     [31mNoMethodError:[0m
     [31m  undefined method `text' for nil:NilClass[0m
     [31m[0m
     [31m          sign_up_link = find_all('a')[6].text[0m
     [31m                                         ^^^^^[0m
     [36m# ./spec/system/01_before_login_spec.rb:26:in `block (4 levels) in <main>'[0m

  7) [STEP1] ユーザログイン前のテスト ヘッダーのテスト: ログインしていない場合 表示内容の確認 Bookersリンクが表示される: 左上から1番目のリンクが「Bookers」である
     [31mFailure/Error: expect(home_link).to match(/Bookers/)[0m
     [31m[0m
     [31m  expected "新規登録" to match /Bookers/[0m
     [31m  Diff:[0m[0m
     [31m  [0m[34m@@ -1 +1 @@[0m
     [31m  [0m[31m-/Bookers/[0m
     [31m  [0m[32m+"新規登録"[0m
     [31m  [0m[0m
     [36m# ./spec/system/01_before_login_spec.rb:52:in `block (4 levels) in <main>'[0m

  8) [STEP1] ユーザログイン前のテスト ヘッダーのテスト: ログインしていない場合 表示内容の確認 Homeリンクが表示される: 左上から2番目のリンクが「Home」である
     [31mFailure/Error: expect(home_link).to match(/Home/)[0m
     [31m[0m
     [31m  expected "ログイン" to match /Home/[0m
     [31m  Diff:[0m[0m
     [31m  [0m[34m@@ -1 +1 @@[0m
     [31m  [0m[31m-/Home/[0m
     [31m  [0m[32m+"ログイン"[0m
     [31m  [0m[0m
     [36m# ./spec/system/01_before_login_spec.rb:56:in `block (4 levels) in <main>'[0m

  9) [STEP1] ユーザログイン前のテスト ヘッダーのテスト: ログインしていない場合 表示内容の確認 Aboutリンクが表示される: 左上から3番目のリンクが「About」である
     [31mFailure/Error: expect(about_link).to match(/About/)[0m
     [31m[0m
     [31m  expected "Log in" to match /About/[0m
     [31m  Diff:[0m[0m
     [31m  [0m[34m@@ -1 +1 @@[0m
     [31m  [0m[31m-/About/[0m
     [31m  [0m[32m+"Log in"[0m
     [31m  [0m[0m
     [36m# ./spec/system/01_before_login_spec.rb:60:in `block (4 levels) in <main>'[0m

  10) [STEP1] ユーザログイン前のテスト ヘッダーのテスト: ログインしていない場合 表示内容の確認 Log inリンクが表示される: 左上から5番目のリンクが「Log in」である
      [31mFailure/Error: login_link = find_all('a')[4].text[0m
      [31m[0m
      [31mNoMethodError:[0m
      [31m  undefined method `text' for nil:NilClass[0m
      [31m[0m
      [31m          login_link = find_all('a')[4].text[0m
      [31m                                       ^^^^^[0m
      [36m# ./spec/system/01_before_login_spec.rb:67:in `block (4 levels) in <main>'[0m

  11) [STEP1] ユーザログイン前のテスト ヘッダーのテスト: ログインしていない場合 リンクの内容を確認 Bookersを押すと、トップ画面に遷移する
      [31mFailure/Error: is_expected.to eq '/'[0m
      [31m[0m
      [31m  expected: "/"[0m
      [31m       got: "/users/sign_up"[0m
      [31m[0m
      [31m  (compared using ==)[0m
      [36m# ./spec/system/01_before_login_spec.rb:80:in `block (4 levels) in <main>'[0m

  12) [STEP1] ユーザログイン前のテスト ヘッダーのテスト: ログインしていない場合 リンクの内容を確認 Homeを押すと、トップ画面に遷移する
      [31mFailure/Error: is_expected.to eq '/'[0m
      [31m[0m
      [31m  expected: "/"[0m
      [31m       got: "/users/sign_in"[0m
      [31m[0m
      [31m  (compared using ==)[0m
      [36m# ./spec/system/01_before_login_spec.rb:87:in `block (4 levels) in <main>'[0m

  13) [STEP1] ユーザログイン前のテスト ヘッダーのテスト: ログインしていない場合 リンクの内容を確認 Aboutを押すと、アバウト画面に遷移する
      [31mFailure/Error: is_expected.to eq '/home/about'[0m
      [31m[0m
      [31m  expected: "/home/about"[0m
      [31m       got: "/users/sign_in"[0m
      [31m[0m
      [31m  (compared using ==)[0m
      [36m# ./spec/system/01_before_login_spec.rb:93:in `block (4 levels) in <main>'[0m

  14) [STEP1] ユーザログイン前のテスト ヘッダーのテスト: ログインしていない場合 リンクの内容を確認 Log inを押すと、ログイン画面に遷移する
      [31mFailure/Error: login_link = find_all('a')[4].text[0m
      [31m[0m
      [31mNoMethodError:[0m
      [31m  undefined method `text' for nil:NilClass[0m
      [31m[0m
      [31m          login_link = find_all('a')[4].text[0m
      [31m                                       ^^^^^[0m
      [36m# ./spec/system/01_before_login_spec.rb:102:in `block (4 levels) in <main>'[0m

  15) [STEP1] ユーザログイン前のテスト ユーザ新規登録のテスト 新規登録成功のテスト 新規登録後のリダイレクト先が、新規登録できたユーザの詳細画面になっている
      [31mFailure/Error: expect(current_path).to eq '/users/' + User.last.id.to_s[0m
      [31m[0m
      [31m  expected: "/users/1"[0m
      [31m       got: "/books"[0m
      [31m[0m
      [31m  (compared using ==)[0m
      [36m# ./spec/system/01_before_login_spec.rb:152:in `block (4 levels) in <main>'[0m

  16) [STEP1] ユーザログイン前のテスト ユーザログイン ログイン成功のテスト ログイン後のリダイレクト先が、ログインしたユーザの詳細画面になっている
      [31mFailure/Error: expect(current_path).to eq '/users/' + user.id.to_s[0m
      [31m[0m
      [31m  expected: "/users/1"[0m
      [31m       got: "/books"[0m
      [31m[0m
      [31m  (compared using ==)[0m
      [36m# ./spec/system/01_before_login_spec.rb:193:in `block (4 levels) in <main>'[0m

  17) [STEP1] ユーザログイン前のテスト ヘッダーのテスト: ログインしている場合 ヘッダーの表示を確認 Bookersリンクが表示される: 左上から1番目のリンクが「Bookers」である
      [31mFailure/Error: expect(home_link).to match(/Bookers/)[0m
      [31m[0m
      [31m  expected "ログアウト" to match /Bookers/[0m
      [31m  Diff:[0m[0m
      [31m  [0m[34m@@ -1 +1 @@[0m
      [31m  [0m[31m-/Bookers/[0m
      [31m  [0m[32m+"ログアウト"[0m
      [31m  [0m[0m
      [36m# ./spec/system/01_before_login_spec.rb:223:in `block (4 levels) in <main>'[0m

  18) [STEP1] ユーザログイン前のテスト ヘッダーのテスト: ログインしている場合 ヘッダーの表示を確認 Homeリンクが表示される: 左上から2番目のリンクが「Home」である
      [31mFailure/Error: expect(home_link).to match(/Home/)[0m
      [31m[0m
      [31m  expected "マイページ" to match /Home/[0m
      [31m  Diff:[0m[0m
      [31m  [0m[34m@@ -1 +1 @@[0m
      [31m  [0m[31m-/Home/[0m
      [31m  [0m[32m+"マイページ"[0m
      [31m  [0m[0m
      [36m# ./spec/system/01_before_login_spec.rb:227:in `block (4 levels) in <main>'[0m

  19) [STEP1] ユーザログイン前のテスト ヘッダーのテスト: ログインしている場合 ヘッダーの表示を確認 Usersリンクが表示される: 左上から3番目のリンクが「Users」である
      [31mFailure/Error: users_link = find_all('a')[2].text[0m
      [31m[0m
      [31mNoMethodError:[0m
      [31m  undefined method `text' for nil:NilClass[0m
      [31m[0m
      [31m          users_link = find_all('a')[2].text[0m
      [31m                                       ^^^^^[0m
      [36m# ./spec/system/01_before_login_spec.rb:230:in `block (4 levels) in <main>'[0m

  20) [STEP1] ユーザログイン前のテスト ヘッダーのテスト: ログインしている場合 ヘッダーの表示を確認 Booksリンクが表示される: 左上から4番目のリンクが「Books」である
      [31mFailure/Error: books_link = find_all('a')[3].text[0m
      [31m[0m
      [31mNoMethodError:[0m
      [31m  undefined method `text' for nil:NilClass[0m
      [31m[0m
      [31m          books_link = find_all('a')[3].text[0m
      [31m                                       ^^^^^[0m
      [36m# ./spec/system/01_before_login_spec.rb:234:in `block (4 levels) in <main>'[0m

  21) [STEP1] ユーザログイン前のテスト ヘッダーのテスト: ログインしている場合 ヘッダーの表示を確認 Log outリンクが表示される: 左上から5番目のリンクが「Log out」である
      [31mFailure/Error: logout_link = find_all('a')[4].text[0m
      [31m[0m
      [31mNoMethodError:[0m
      [31m  undefined method `text' for nil:NilClass[0m
      [31m[0m
      [31m          logout_link = find_all('a')[4].text[0m
      [31m                                        ^^^^^[0m
      [36m# ./spec/system/01_before_login_spec.rb:238:in `block (4 levels) in <main>'[0m

  22) [STEP1] ユーザログイン前のテスト ユーザログアウトのテスト ログアウト機能のテスト 正しくログアウトできている: ログアウト後のリダイレクト先においてAbout画面へのリンクが存在する
      [31mFailure/Error: logout_link = find_all('a')[4].text[0m
      [31m[0m
      [31mNoMethodError:[0m
      [31m  undefined method `text' for nil:NilClass[0m
      [31m[0m
      [31m        logout_link = find_all('a')[4].text[0m
      [31m                                      ^^^^^[0m
      [36m# ./spec/system/01_before_login_spec.rb:252:in `block (3 levels) in <main>'[0m

  23) [STEP1] ユーザログイン前のテスト ユーザログアウトのテスト ログアウト機能のテスト ログアウト後のリダイレクト先が、トップになっている
      [31mFailure/Error: logout_link = find_all('a')[4].text[0m
      [31m[0m
      [31mNoMethodError:[0m
      [31m  undefined method `text' for nil:NilClass[0m
      [31m[0m
      [31m        logout_link = find_all('a')[4].text[0m
      [31m                                      ^^^^^[0m
      [36m# ./spec/system/01_before_login_spec.rb:252:in `block (3 levels) in <main>'[0m

  24) [STEP2] ユーザログイン後のテスト ヘッダーのテスト: ログインしている場合 リンクの内容を確認: ※logoutは『ユーザログアウトのテスト』でテスト済みになります。 Homeを押すと、自分のユーザ詳細画面に遷移する
      [31mFailure/Error: before_action :authenticate_user!, except [:top][0m
      [31m[0m
      [31mSyntaxError:[0m
      [31m  /home/ec2-user/environment/bookers2/app/controllers/users_controller.rb:3: syntax error, unexpected [, expecting `do' or '{' or '('[0m
      [31m  ...n :authenticate_user!, except [:top][0m
      [31m  ...                              ^[0m
      [36m# ./app/controllers/users_controller.rb:3: syntax error, unexpected [, expecting `do' or '{' or '('[0m
      [36m# ...n :authenticate_user!, except [:top][0m
      [36m# ...                              ^[0m
      [36m# ./spec/system/02_after_login_spec.rb:23:in `block (4 levels) in <main>'[0m

  25) [STEP2] ユーザログイン後のテスト ヘッダーのテスト: ログインしている場合 リンクの内容を確認: ※logoutは『ユーザログアウトのテスト』でテスト済みになります。 Usersを押すと、ユーザ一覧画面に遷移する
      [31mFailure/Error: is_expected.to eq '/users'[0m
      [31m[0m
      [31m  expected: "/users"[0m
      [31m       got: "/books/1"[0m
      [31m[0m
      [31m  (compared using ==)[0m
      [36m# ./spec/system/02_after_login_spec.rb:30:in `block (4 levels) in <main>'[0m

  26) [STEP2] ユーザログイン後のテスト ヘッダーのテスト: ログインしている場合 リンクの内容を確認: ※logoutは『ユーザログアウトのテスト』でテスト済みになります。 Booksを押すと、投稿一覧画面に遷移する
      [31mFailure/Error: is_expected.to eq '/books'[0m
      [31m[0m
      [31m  expected: "/books"[0m
      [31m       got: "/books/2"[0m
      [31m[0m
      [31m  (compared using ==)[0m
      [36m# ./spec/system/02_after_login_spec.rb:36:in `block (4 levels) in <main>'[0m

  27) [STEP2] ユーザログイン後のテスト 投稿一覧画面のテスト 表示内容の確認 自分と他人の画像のリンク先が正しい
      [31mFailure/Error: expect(page).to have_link '', href: user_path(other_book.user)[0m
      [31m  expected to find link "" with href "/users/2" but there were no matches[0m
      [36m# ./spec/system/02_after_login_spec.rb:52:in `block (4 levels) in <main>'[0m

  28) [STEP2] ユーザログイン後のテスト 投稿一覧画面のテスト サイドバーの確認 自分の名前と紹介文が表示される
      [31mFailure/Error: expect(page).to have_content user.introduction[0m
      [31m  expected to find text "ws8tmutrdjxghx7vc0xu" in "ログアウト マイページ\nフォーム\ntitle\nbody\ntitle:6uqo5\nbody:2yhe860928vnyiy6wktx\n4at3g0nly4\ntitle:91jlo\nbody:lotd61yolponryuo4zom\ndifejx5qgu"[0m
      [36m# ./spec/system/02_after_login_spec.rb:67:in `block (4 levels) in <main>'[0m

  29) [STEP2] ユーザログイン後のテスト 投稿一覧画面のテスト サイドバーの確認 自分のユーザ編集画面へのリンクが存在する
      [31mFailure/Error: expect(page).to have_link '', href: edit_user_path(user)[0m
      [31m  expected to find link "" with href "/users/1/edit" but there were no matches[0m
      [36m# ./spec/system/02_after_login_spec.rb:70:in `block (4 levels) in <main>'[0m

  30) [STEP2] ユーザログイン後のテスト 投稿一覧画面のテスト サイドバーの確認 「New book」と表示される
      [31mFailure/Error: expect(page).to have_content 'New book'[0m
      [31m  expected to find text "New book" in "ログアウト マイページ\nフォーム\ntitle\nbody\ntitle:3bwtq\nbody:kvogzxs5pi41x98w4yyw\n7uqfn5n9i9\ntitle:uborc\nbody:vyhe58jgmmbdlyz6vppb\nghjtp3efqi"[0m
      [36m# ./spec/system/02_after_login_spec.rb:73:in `block (4 levels) in <main>'[0m

  31) [STEP2] ユーザログイン後のテスト 投稿一覧画面のテスト サイドバーの確認 Create Bookボタンが表示される
      [31mFailure/Error: expect(page).to have_button 'Create Book'[0m
      [31m  expected to find button "Create Book" that is not disabled but there were no matches[0m
      [36m# ./spec/system/02_after_login_spec.rb:88:in `block (4 levels) in <main>'[0m

  32) [STEP2] ユーザログイン後のテスト 投稿一覧画面のテスト 投稿成功のテスト 自分の新しい投稿が正しく保存される
      [31mFailure/Error: expect { click_button 'Create Book' }.to change(user.books, :count).by(1)[0m
      [31m[0m
      [31mCapybara::ElementNotFound:[0m
      [31m  Unable to find button "Create Book" that is not disabled[0m
      [36m# ./spec/system/02_after_login_spec.rb:99:in `block (5 levels) in <main>'[0m
      [36m# ./spec/system/02_after_login_spec.rb:99:in `block (4 levels) in <main>'[0m

  33) [STEP2] ユーザログイン後のテスト 投稿一覧画面のテスト 投稿成功のテスト リダイレクト先が、保存できた投稿の詳細画面になっている
      [31mFailure/Error: click_button 'Create Book'[0m
      [31m[0m
      [31mCapybara::ElementNotFound:[0m
      [31m  Unable to find button "Create Book" that is not disabled[0m
      [36m# ./spec/system/02_after_login_spec.rb:102:in `block (4 levels) in <main>'[0m

  34) [STEP2] ユーザログイン後のテスト 自分の投稿詳細画面のテスト 表示内容の確認 「Book detail」と表示される
      [31mFailure/Error: expect(page).to have_content 'Book detail'[0m
      [31m  expected to find text "Book detail" in "ログアウト マイページ\ntitle：libnu\nbody：l6vb6ou3od71scuey69y\nrumvfkcz7e\n投稿日：2024/11/19"[0m
      [36m# ./spec/system/02_after_login_spec.rb:118:in `block (4 levels) in <main>'[0m

  35) [STEP2] ユーザログイン後のテスト 自分の投稿詳細画面のテスト 表示内容の確認 ユーザ画像・名前のリンク先が正しい
      [31mFailure/Error: expect(page).to have_link book.user.name, href: user_path(book.user)[0m
      [31m  expected to find link "zb8kq93am1" with href "/users/1" but there were no matches[0m
      [36m# ./spec/system/02_after_login_spec.rb:121:in `block (4 levels) in <main>'[0m

  36) [STEP2] ユーザログイン後のテスト 自分の投稿詳細画面のテスト 表示内容の確認 投稿の編集リンクが表示される
      [31mFailure/Error: expect(page).to have_link 'Edit', href: edit_book_path(book)[0m
      [31m  expected to find link "Edit" with href "/books/1/edit" but there were no matches[0m
      [36m# ./spec/system/02_after_login_spec.rb:130:in `block (4 levels) in <main>'[0m

  37) [STEP2] ユーザログイン後のテスト 自分の投稿詳細画面のテスト 表示内容の確認 投稿の削除リンクが表示される
      [31mFailure/Error: expect(page).to have_link 'Destroy', href: book_path(book)[0m
      [31m  expected to find link "Destroy" with href "/books/1" but there were no matches[0m
      [36m# ./spec/system/02_after_login_spec.rb:133:in `block (4 levels) in <main>'[0m

  38) [STEP2] ユーザログイン後のテスト 自分の投稿詳細画面のテスト サイドバーの確認 自分の名前と紹介文が表示される
      [31mFailure/Error: expect(page).to have_content user.introduction[0m
      [31m  expected to find text "loyya70hxbrb2h4aredl" in "ログアウト マイページ\ntitle：jdjbw\nbody：f8jhnsks00vxe5w4enhb\n0us99192pz\n投稿日：2024/11/19"[0m
      [36m# ./spec/system/02_after_login_spec.rb:140:in `block (4 levels) in <main>'[0m

  39) [STEP2] ユーザログイン後のテスト 自分の投稿詳細画面のテスト サイドバーの確認 自分のユーザ編集画面へのリンクが存在する
      [31mFailure/Error: expect(page).to have_link '', href: edit_user_path(user)[0m
      [31m  expected to find link "" with href "/users/1/edit" but there were no matches[0m
      [36m# ./spec/system/02_after_login_spec.rb:143:in `block (4 levels) in <main>'[0m

  40) [STEP2] ユーザログイン後のテスト 自分の投稿詳細画面のテスト サイドバーの確認 「New book」と表示される
      [31mFailure/Error: expect(page).to have_content 'New book'[0m
      [31m  expected to find text "New book" in "ログアウト マイページ\ntitle：o26so\nbody：nwbu0atro3r4zehg0ubc\n12eml5m1bh\n投稿日：2024/11/19"[0m
      [36m# ./spec/system/02_after_login_spec.rb:146:in `block (4 levels) in <main>'[0m

  41) [STEP2] ユーザログイン後のテスト 自分の投稿詳細画面のテスト サイドバーの確認 titleフォームが表示される
      [31mFailure/Error: expect(page).to have_field 'book[title]'[0m
      [31m  expected to find field "book[title]" that is not disabled but there were no matches[0m
      [36m# ./spec/system/02_after_login_spec.rb:149:in `block (4 levels) in <main>'[0m

  42) [STEP2] ユーザログイン後のテスト 自分の投稿詳細画面のテスト サイドバーの確認 titleフォームに値が入っていない
      [31mFailure/Error: expect(find_field('book[title]').text).to be_blank[0m
      [31m[0m
      [31mCapybara::ElementNotFound:[0m
      [31m  Unable to find field "book[title]" that is not disabled[0m
      [36m# ./spec/system/02_after_login_spec.rb:152:in `block (4 levels) in <main>'[0m

  43) [STEP2] ユーザログイン後のテスト 自分の投稿詳細画面のテスト サイドバーの確認 bodyフォームが表示される
      [31mFailure/Error: expect(page).to have_field 'book[body]'[0m
      [31m  expected to find field "book[body]" that is not disabled but there were no matches[0m
      [36m# ./spec/system/02_after_login_spec.rb:155:in `block (4 levels) in <main>'[0m

  44) [STEP2] ユーザログイン後のテスト 自分の投稿詳細画面のテスト サイドバーの確認 bodyフォームに値が入っていない
      [31mFailure/Error: expect(find_field('book[body]').text).to be_blank[0m
      [31m[0m
      [31mCapybara::ElementNotFound:[0m
      [31m  Unable to find field "book[body]" that is not disabled[0m
      [36m# ./spec/system/02_after_login_spec.rb:158:in `block (4 levels) in <main>'[0m

  45) [STEP2] ユーザログイン後のテスト 自分の投稿詳細画面のテスト サイドバーの確認 Create Bookボタンが表示される
      [31mFailure/Error: expect(page).to have_button 'Create Book'[0m
      [31m  expected to find button "Create Book" that is not disabled but there were no matches[0m
      [36m# ./spec/system/02_after_login_spec.rb:161:in `block (4 levels) in <main>'[0m

  46) [STEP2] ユーザログイン後のテスト 自分の投稿詳細画面のテスト 投稿成功のテスト 自分の新しい投稿が正しく保存される
      [31mFailure/Error: fill_in 'book[title]', with: Faker::Lorem.characters(number: 5)[0m
      [31m[0m
      [31mCapybara::ElementNotFound:[0m
      [31m  Unable to find field "book[title]" that is not disabled[0m
      [36m# ./spec/system/02_after_login_spec.rb:167:in `block (4 levels) in <main>'[0m

  47) [STEP2] ユーザログイン後のテスト 自分の投稿詳細画面のテスト 編集リンクのテスト 編集画面に遷移する
      [31mFailure/Error: click_link 'Edit'[0m
      [31m[0m
      [31mCapybara::ElementNotFound:[0m
      [31m  Unable to find link "Edit"[0m
      [36m# ./spec/system/02_after_login_spec.rb:183:in `block (4 levels) in <main>'[0m

  48) [STEP2] ユーザログイン後のテスト 自分の投稿詳細画面のテスト 削除リンクのテスト application.html.erbにjavascript_pack_tagを含んでいる
      [31mFailure/Error: click_link 'Destroy'[0m
      [31m[0m
      [31mCapybara::ElementNotFound:[0m
      [31m  Unable to find link "Destroy"[0m
      [36m# ./spec/system/02_after_login_spec.rb:201:in `block (4 levels) in <main>'[0m

  49) [STEP2] ユーザログイン後のテスト 自分の投稿詳細画面のテスト 削除リンクのテスト 正しく削除される
      [31mFailure/Error: click_link 'Destroy'[0m
      [31m[0m
      [31mCapybara::ElementNotFound:[0m
      [31m  Unable to find link "Destroy"[0m
      [36m# ./spec/system/02_after_login_spec.rb:201:in `block (4 levels) in <main>'[0m

  50) [STEP2] ユーザログイン後のテスト 自分の投稿詳細画面のテスト 削除リンクのテスト リダイレクト先が、投稿一覧画面になっている
      [31mFailure/Error: click_link 'Destroy'[0m
      [31m[0m
      [31mCapybara::ElementNotFound:[0m
      [31m  Unable to find link "Destroy"[0m
      [36m# ./spec/system/02_after_login_spec.rb:201:in `block (4 levels) in <main>'[0m

  51) [STEP2] ユーザログイン後のテスト 自分の投稿編集画面のテスト 表示の確認 Update Bookボタンが表示される
      [31mFailure/Error: expect(page).to have_button 'Update Book'[0m
      [31m  expected to find button "Update Book" that is not disabled but there were no matches[0m
      [36m# ./spec/system/02_after_login_spec.rb:231:in `block (4 levels) in <main>'[0m

  52) [STEP2] ユーザログイン後のテスト 自分の投稿編集画面のテスト 表示の確認 Showリンクが表示される
      [31mFailure/Error: expect(page).to have_link 'Show', href: book_path(book)[0m
      [31m  expected to find link "Show" with href "/books/1" but there were no matches[0m
      [36m# ./spec/system/02_after_login_spec.rb:234:in `block (4 levels) in <main>'[0m

  53) [STEP2] ユーザログイン後のテスト 自分の投稿編集画面のテスト 表示の確認 Backリンクが表示される
      [31mFailure/Error: expect(page).to have_link 'Back', href: books_path[0m
      [31m  expected to find link "Back" with href "/books" but there were no matches[0m
      [36m# ./spec/system/02_after_login_spec.rb:237:in `block (4 levels) in <main>'[0m

  54) [STEP2] ユーザログイン後のテスト 自分の投稿編集画面のテスト 編集成功のテスト titleが正しく更新される
      [31mFailure/Error: click_button 'Update Book'[0m
      [31m[0m
      [31mCapybara::ElementNotFound:[0m
      [31m  Unable to find button "Update Book" that is not disabled[0m
      [36m# ./spec/system/02_after_login_spec.rb:247:in `block (4 levels) in <main>'[0m

  55) [STEP2] ユーザログイン後のテスト 自分の投稿編集画面のテスト 編集成功のテスト bodyが正しく更新される
      [31mFailure/Error: click_button 'Update Book'[0m
      [31m[0m
      [31mCapybara::ElementNotFound:[0m
      [31m  Unable to find button "Update Book" that is not disabled[0m
      [36m# ./spec/system/02_after_login_spec.rb:247:in `block (4 levels) in <main>'[0m

  56) [STEP2] ユーザログイン後のテスト 自分の投稿編集画面のテスト 編集成功のテスト リダイレクト先が、更新した投稿の詳細画面になっている
      [31mFailure/Error: click_button 'Update Book'[0m
      [31m[0m
      [31mCapybara::ElementNotFound:[0m
      [31m  Unable to find button "Update Book" that is not disabled[0m
      [36m# ./spec/system/02_after_login_spec.rb:247:in `block (4 levels) in <main>'[0m

  57) [STEP2] ユーザログイン後のテスト ユーザ一覧画面のテスト 表示内容の確認 URLが正しい
      [31mFailure/Error: visit users_path[0m
      [31m[0m
      [31mNameError:[0m
      [31m  undefined local variable or method `users_path' for #<RSpec::ExampleGroups::STEP2::Nested_5::Nested "URLが正しい" (./spec/system/02_after_login_spec.rb:269)>[0m
      [36m# ./spec/system/02_after_login_spec.rb:265:in `block (3 levels) in <main>'[0m

  58) [STEP2] ユーザログイン後のテスト ユーザ一覧画面のテスト 表示内容の確認 自分と他人の画像が表示される: fallbackの画像がサイドバーの1つ＋一覧(2人)の2つの計3つ存在する
      [31mFailure/Error: visit users_path[0m
      [31m[0m
      [31mNameError:[0m
      [31m  undefined local variable or method `users_path' for #<RSpec::ExampleGroups::STEP2::Nested_5::Nested "自分と他人の画像が表示される: fallbackの画像がサイドバーの1つ＋一覧(2人)の2つの計3つ存在する" (./spec/system/02_after_login_spec.rb:272)>[0m
      [36m# ./spec/system/02_after_login_spec.rb:265:in `block (3 levels) in <main>'[0m

  59) [STEP2] ユーザログイン後のテスト ユーザ一覧画面のテスト 表示内容の確認 自分と他人の名前がそれぞれ表示される
      [31mFailure/Error: visit users_path[0m
      [31m[0m
      [31mNameError:[0m
      [31m  undefined local variable or method `users_path' for #<RSpec::ExampleGroups::STEP2::Nested_5::Nested "自分と他人の名前がそれぞれ表示される" (./spec/system/02_after_login_spec.rb:275)>[0m
      [36m# ./spec/system/02_after_login_spec.rb:265:in `block (3 levels) in <main>'[0m

  60) [STEP2] ユーザログイン後のテスト ユーザ一覧画面のテスト 表示内容の確認 自分と他人のshowリンクがそれぞれ表示される
      [31mFailure/Error: visit users_path[0m
      [31m[0m
      [31mNameError:[0m
      [31m  undefined local variable or method `users_path' for #<RSpec::ExampleGroups::STEP2::Nested_5::Nested "自分と他人のshowリンクがそれぞれ表示される" (./spec/system/02_after_login_spec.rb:279)>[0m
      [36m# ./spec/system/02_after_login_spec.rb:265:in `block (3 levels) in <main>'[0m

  61) [STEP2] ユーザログイン後のテスト ユーザ一覧画面のテスト サイドバーの確認 自分の名前と紹介文が表示される
      [31mFailure/Error: visit users_path[0m
      [31m[0m
      [31mNameError:[0m
      [31m  undefined local variable or method `users_path' for #<RSpec::ExampleGroups::STEP2::Nested_5::Nested_2 "自分の名前と紹介文が表示される" (./spec/system/02_after_login_spec.rb:286)>[0m
      [36m# ./spec/system/02_after_login_spec.rb:265:in `block (3 levels) in <main>'[0m

  62) [STEP2] ユーザログイン後のテスト ユーザ一覧画面のテスト サイドバーの確認 自分のユーザ編集画面へのリンクが存在する
      [31mFailure/Error: visit users_path[0m
      [31m[0m
      [31mNameError:[0m
      [31m  undefined local variable or method `users_path' for #<RSpec::ExampleGroups::STEP2::Nested_5::Nested_2 "自分のユーザ編集画面へのリンクが存在する" (./spec/system/02_after_login_spec.rb:290)>[0m
      [36m# ./spec/system/02_after_login_spec.rb:265:in `block (3 levels) in <main>'[0m

  63) [STEP2] ユーザログイン後のテスト ユーザ一覧画面のテスト サイドバーの確認 「New book」と表示される
      [31mFailure/Error: visit users_path[0m
      [31m[0m
      [31mNameError:[0m
      [31m  undefined local variable or method `users_path' for #<RSpec::ExampleGroups::STEP2::Nested_5::Nested_2 "「New book」と表示される" (./spec/system/02_after_login_spec.rb:293)>[0m
      [36m# ./spec/system/02_after_login_spec.rb:265:in `block (3 levels) in <main>'[0m

  64) [STEP2] ユーザログイン後のテスト ユーザ一覧画面のテスト サイドバーの確認 titleフォームが表示される
      [31mFailure/Error: visit users_path[0m
      [31m[0m
      [31mNameError:[0m
      [31m  undefined local variable or method `users_path' for #<RSpec::ExampleGroups::STEP2::Nested_5::Nested_2 "titleフォームが表示される" (./spec/system/02_after_login_spec.rb:296)>[0m
      [36m# ./spec/system/02_after_login_spec.rb:265:in `block (3 levels) in <main>'[0m

  65) [STEP2] ユーザログイン後のテスト ユーザ一覧画面のテスト サイドバーの確認 titleフォームに値が入っていない
      [31mFailure/Error: visit users_path[0m
      [31m[0m
      [31mNameError:[0m
      [31m  undefined local variable or method `users_path' for #<RSpec::ExampleGroups::STEP2::Nested_5::Nested_2 "titleフォームに値が入っていない" (./spec/system/02_after_login_spec.rb:299)>[0m
      [36m# ./spec/system/02_after_login_spec.rb:265:in `block (3 levels) in <main>'[0m

  66) [STEP2] ユーザログイン後のテスト ユーザ一覧画面のテスト サイドバーの確認 bodyフォームが表示される
      [31mFailure/Error: visit users_path[0m
      [31m[0m
      [31mNameError:[0m
      [31m  undefined local variable or method `users_path' for #<RSpec::ExampleGroups::STEP2::Nested_5::Nested_2 "bodyフォームが表示される" (./spec/system/02_after_login_spec.rb:302)>[0m
      [36m# ./spec/system/02_after_login_spec.rb:265:in `block (3 levels) in <main>'[0m

  67) [STEP2] ユーザログイン後のテスト ユーザ一覧画面のテスト サイドバーの確認 bodyフォームに値が入っていない
      [31mFailure/Error: visit users_path[0m
      [31m[0m
      [31mNameError:[0m
      [31m  undefined local variable or method `users_path' for #<RSpec::ExampleGroups::STEP2::Nested_5::Nested_2 "bodyフォームに値が入っていない" (./spec/system/02_after_login_spec.rb:305)>[0m
      [36m# ./spec/system/02_after_login_spec.rb:265:in `block (3 levels) in <main>'[0m

  68) [STEP2] ユーザログイン後のテスト ユーザ一覧画面のテスト サイドバーの確認 Create Bookボタンが表示される
      [31mFailure/Error: visit users_path[0m
      [31m[0m
      [31mNameError:[0m
      [31m  undefined local variable or method `users_path' for #<RSpec::ExampleGroups::STEP2::Nested_5::Nested_2 "Create Bookボタンが表示される" (./spec/system/02_after_login_spec.rb:308)>[0m
      [36m# ./spec/system/02_after_login_spec.rb:265:in `block (3 levels) in <main>'[0m

  69) [STEP2] ユーザログイン後のテスト 自分のユーザ詳細画面のテスト 表示の確認 URLが正しい
      [31mFailure/Error: before_action :authenticate_user!, except [:top][0m
      [31m[0m
      [31mSyntaxError:[0m
      [31m  /home/ec2-user/environment/bookers2/app/controllers/users_controller.rb:3: syntax error, unexpected [, expecting `do' or '{' or '('[0m
      [31m  ...n :authenticate_user!, except [:top][0m
      [31m  ...                              ^[0m
      [36m# ./app/controllers/users_controller.rb:3: syntax error, unexpected [, expecting `do' or '{' or '('[0m
      [36m# ...n :authenticate_user!, except [:top][0m
      [36m# ...                              ^[0m
      [36m# ./spec/system/02_after_login_spec.rb:316:in `block (3 levels) in <main>'[0m

  70) [STEP2] ユーザログイン後のテスト 自分のユーザ詳細画面のテスト 表示の確認 投稿一覧のユーザ画像のリンク先が正しい
      [31mFailure/Error: before_action :authenticate_user!, except [:top][0m
      [31m[0m
      [31mSyntaxError:[0m
      [31m  /home/ec2-user/environment/bookers2/app/controllers/users_controller.rb:3: syntax error, unexpected [, expecting `do' or '{' or '('[0m
      [31m  ...n :authenticate_user!, except [:top][0m
      [31m  ...                              ^[0m
      [36m# ./app/controllers/users_controller.rb:3: syntax error, unexpected [, expecting `do' or '{' or '('[0m
      [36m# ...n :authenticate_user!, except [:top][0m
      [36m# ...                              ^[0m
      [36m# ./spec/system/02_after_login_spec.rb:316:in `block (3 levels) in <main>'[0m

  71) [STEP2] ユーザログイン後のテスト 自分のユーザ詳細画面のテスト 表示の確認 投稿一覧に自分の投稿のtitleが表示され、リンクが正しい
      [31mFailure/Error: before_action :authenticate_user!, except [:top][0m
      [31m[0m
      [31mSyntaxError:[0m
      [31m  /home/ec2-user/environment/bookers2/app/controllers/users_controller.rb:3: syntax error, unexpected [, expecting `do' or '{' or '('[0m
      [31m  ...n :authenticate_user!, except [:top][0m
      [31m  ...                              ^[0m
      [36m# ./app/controllers/users_controller.rb:3: syntax error, unexpected [, expecting `do' or '{' or '('[0m
      [36m# ...n :authenticate_user!, except [:top][0m
      [36m# ...                              ^[0m
      [36m# ./spec/system/02_after_login_spec.rb:316:in `block (3 levels) in <main>'[0m

  72) [STEP2] ユーザログイン後のテスト 自分のユーザ詳細画面のテスト 表示の確認 投稿一覧に自分の投稿のbodyが表示される
      [31mFailure/Error: before_action :authenticate_user!, except [:top][0m
      [31m[0m
      [31mSyntaxError:[0m
      [31m  /home/ec2-user/environment/bookers2/app/controllers/users_controller.rb:3: syntax error, unexpected [, expecting `do' or '{' or '('[0m
      [31m  ...n :authenticate_user!, except [:top][0m
      [31m  ...                              ^[0m
      [36m# ./app/controllers/users_controller.rb:3: syntax error, unexpected [, expecting `do' or '{' or '('[0m
      [36m# ...n :authenticate_user!, except [:top][0m
      [36m# ...                              ^[0m
      [36m# ./spec/system/02_after_login_spec.rb:316:in `block (3 levels) in <main>'[0m

  73) [STEP2] ユーザログイン後のテスト 自分のユーザ詳細画面のテスト 表示の確認 他人の投稿は表示されない
      [31mFailure/Error: before_action :authenticate_user!, except [:top][0m
      [31m[0m
      [31mSyntaxError:[0m
      [31m  /home/ec2-user/environment/bookers2/app/controllers/users_controller.rb:3: syntax error, unexpected [, expecting `do' or '{' or '('[0m
      [31m  ...n :authenticate_user!, except [:top][0m
      [31m  ...                              ^[0m
      [36m# ./app/controllers/users_controller.rb:3: syntax error, unexpected [, expecting `do' or '{' or '('[0m
      [36m# ...n :authenticate_user!, except [:top][0m
      [36m# ...                              ^[0m
      [36m# ./spec/system/02_after_login_spec.rb:316:in `block (3 levels) in <main>'[0m

  74) [STEP2] ユーザログイン後のテスト 自分のユーザ詳細画面のテスト サイドバーの確認 自分の名前と紹介文が表示される
      [31mFailure/Error: before_action :authenticate_user!, except [:top][0m
      [31m[0m
      [31mSyntaxError:[0m
      [31m  /home/ec2-user/environment/bookers2/app/controllers/users_controller.rb:3: syntax error, unexpected [, expecting `do' or '{' or '('[0m
      [31m  ...n :authenticate_user!, except [:top][0m
      [31m  ...                              ^[0m
      [36m# ./app/controllers/users_controller.rb:3: syntax error, unexpected [, expecting `do' or '{' or '('[0m
      [36m# ...n :authenticate_user!, except [:top][0m
      [36m# ...                              ^[0m
      [36m# ./spec/system/02_after_login_spec.rb:316:in `block (3 levels) in <main>'[0m

  75) [STEP2] ユーザログイン後のテスト 自分のユーザ詳細画面のテスト サイドバーの確認 自分のユーザ編集画面へのリンクが存在する
      [31mFailure/Error: before_action :authenticate_user!, except [:top][0m
      [31m[0m
      [31mSyntaxError:[0m
      [31m  /home/ec2-user/environment/bookers2/app/controllers/users_controller.rb:3: syntax error, unexpected [, expecting `do' or '{' or '('[0m
      [31m  ...n :authenticate_user!, except [:top][0m
      [31m  ...                              ^[0m
      [36m# ./app/controllers/users_controller.rb:3: syntax error, unexpected [, expecting `do' or '{' or '('[0m
      [36m# ...n :authenticate_user!, except [:top][0m
      [36m# ...                              ^[0m
      [36m# ./spec/system/02_after_login_spec.rb:316:in `block (3 levels) in <main>'[0m

  76) [STEP2] ユーザログイン後のテスト 自分のユーザ詳細画面のテスト サイドバーの確認 「New book」と表示される
      [31mFailure/Error: before_action :authenticate_user!, except [:top][0m
      [31m[0m
      [31mSyntaxError:[0m
      [31m  /home/ec2-user/environment/bookers2/app/controllers/users_controller.rb:3: syntax error, unexpected [, expecting `do' or '{' or '('[0m
      [31m  ...n :authenticate_user!, except [:top][0m
      [31m  ...                              ^[0m
      [36m# ./app/controllers/users_controller.rb:3: syntax error, unexpected [, expecting `do' or '{' or '('[0m
      [36m# ...n :authenticate_user!, except [:top][0m
      [36m# ...                              ^[0m
      [36m# ./spec/system/02_after_login_spec.rb:316:in `block (3 levels) in <main>'[0m

  77) [STEP2] ユーザログイン後のテスト 自分のユーザ詳細画面のテスト サイドバーの確認 titleフォームが表示される
      [31mFailure/Error: before_action :authenticate_user!, except [:top][0m
      [31m[0m
      [31mSyntaxError:[0m
      [31m  /home/ec2-user/environment/bookers2/app/controllers/users_controller.rb:3: syntax error, unexpected [, expecting `do' or '{' or '('[0m
      [31m  ...n :authenticate_user!, except [:top][0m
      [31m  ...                              ^[0m
      [36m# ./app/controllers/users_controller.rb:3: syntax error, unexpected [, expecting `do' or '{' or '('[0m
      [36m# ...n :authenticate_user!, except [:top][0m
      [36m# ...                              ^[0m
      [36m# ./spec/system/02_after_login_spec.rb:316:in `block (3 levels) in <main>'[0m

  78) [STEP2] ユーザログイン後のテスト 自分のユーザ詳細画面のテスト サイドバーの確認 titleフォームに値が入っていない
      [31mFailure/Error: before_action :authenticate_user!, except [:top][0m
      [31m[0m
      [31mSyntaxError:[0m
      [31m  /home/ec2-user/environment/bookers2/app/controllers/users_controller.rb:3: syntax error, unexpected [, expecting `do' or '{' or '('[0m
      [31m  ...n :authenticate_user!, except [:top][0m
      [31m  ...                              ^[0m
      [36m# ./app/controllers/users_controller.rb:3: syntax error, unexpected [, expecting `do' or '{' or '('[0m
      [36m# ...n :authenticate_user!, except [:top][0m
      [36m# ...                              ^[0m
      [36m# ./spec/system/02_after_login_spec.rb:316:in `block (3 levels) in <main>'[0m

  79) [STEP2] ユーザログイン後のテスト 自分のユーザ詳細画面のテスト サイドバーの確認 bodyフォームが表示される
      [31mFailure/Error: before_action :authenticate_user!, except [:top][0m
      [31m[0m
      [31mSyntaxError:[0m
      [31m  /home/ec2-user/environment/bookers2/app/controllers/users_controller.rb:3: syntax error, unexpected [, expecting `do' or '{' or '('[0m
      [31m  ...n :authenticate_user!, except [:top][0m
      [31m  ...                              ^[0m
      [36m# ./app/controllers/users_controller.rb:3: syntax error, unexpected [, expecting `do' or '{' or '('[0m
      [36m# ...n :authenticate_user!, except [:top][0m
      [36m# ...                              ^[0m
      [36m# ./spec/system/02_after_login_spec.rb:316:in `block (3 levels) in <main>'[0m

  80) [STEP2] ユーザログイン後のテスト 自分のユーザ詳細画面のテスト サイドバーの確認 bodyフォームに値が入っていない
      [31mFailure/Error: before_action :authenticate_user!, except [:top][0m
      [31m[0m
      [31mSyntaxError:[0m
      [31m  /home/ec2-user/environment/bookers2/app/controllers/users_controller.rb:3: syntax error, unexpected [, expecting `do' or '{' or '('[0m
      [31m  ...n :authenticate_user!, except [:top][0m
      [31m  ...                              ^[0m
      [36m# ./app/controllers/users_controller.rb:3: syntax error, unexpected [, expecting `do' or '{' or '('[0m
      [36m# ...n :authenticate_user!, except [:top][0m
      [36m# ...                              ^[0m
      [36m# ./spec/system/02_after_login_spec.rb:316:in `block (3 levels) in <main>'[0m

  81) [STEP2] ユーザログイン後のテスト 自分のユーザ詳細画面のテスト サイドバーの確認 Create Bookボタンが表示される
      [31mFailure/Error: before_action :authenticate_user!, except [:top][0m
      [31m[0m
      [31mSyntaxError:[0m
      [31m  /home/ec2-user/environment/bookers2/app/controllers/users_controller.rb:3: syntax error, unexpected [, expecting `do' or '{' or '('[0m
      [31m  ...n :authenticate_user!, except [:top][0m
      [31m  ...                              ^[0m
      [36m# ./app/controllers/users_controller.rb:3: syntax error, unexpected [, expecting `do' or '{' or '('[0m
      [36m# ...n :authenticate_user!, except [:top][0m
      [36m# ...                              ^[0m
      [36m# ./spec/system/02_after_login_spec.rb:316:in `block (3 levels) in <main>'[0m

  82) [STEP2] ユーザログイン後のテスト 自分のユーザ情報編集画面のテスト 表示の確認 URLが正しい
      [31mFailure/Error: before_action :authenticate_user!, except [:top][0m
      [31m[0m
      [31mSyntaxError:[0m
      [31m  /home/ec2-user/environment/bookers2/app/controllers/users_controller.rb:3: syntax error, unexpected [, expecting `do' or '{' or '('[0m
      [31m  ...n :authenticate_user!, except [:top][0m
      [31m  ...                              ^[0m
      [36m# ./app/controllers/users_controller.rb:3: syntax error, unexpected [, expecting `do' or '{' or '('[0m
      [36m# ...n :authenticate_user!, except [:top][0m
      [36m# ...                              ^[0m
      [36m# ./spec/system/02_after_login_spec.rb:370:in `block (3 levels) in <main>'[0m

  83) [STEP2] ユーザログイン後のテスト 自分のユーザ情報編集画面のテスト 表示の確認 名前編集フォームに自分の名前が表示される
      [31mFailure/Error: before_action :authenticate_user!, except [:top][0m
      [31m[0m
      [31mSyntaxError:[0m
      [31m  /home/ec2-user/environment/bookers2/app/controllers/users_controller.rb:3: syntax error, unexpected [, expecting `do' or '{' or '('[0m
      [31m  ...n :authenticate_user!, except [:top][0m
      [31m  ...                              ^[0m
      [36m# ./app/controllers/users_controller.rb:3: syntax error, unexpected [, expecting `do' or '{' or '('[0m
      [36m# ...n :authenticate_user!, except [:top][0m
      [36m# ...                              ^[0m
      [36m# ./spec/system/02_after_login_spec.rb:370:in `block (3 levels) in <main>'[0m

  84) [STEP2] ユーザログイン後のテスト 自分のユーザ情報編集画面のテスト 表示の確認 画像編集フォームが表示される
      [31mFailure/Error: before_action :authenticate_user!, except [:top][0m
      [31m[0m
      [31mSyntaxError:[0m
      [31m  /home/ec2-user/environment/bookers2/app/controllers/users_controller.rb:3: syntax error, unexpected [, expecting `do' or '{' or '('[0m
      [31m  ...n :authenticate_user!, except [:top][0m
      [31m  ...                              ^[0m
      [36m# ./app/controllers/users_controller.rb:3: syntax error, unexpected [, expecting `do' or '{' or '('[0m
      [36m# ...n :authenticate_user!, except [:top][0m
      [36m# ...                              ^[0m
      [36m# ./spec/system/02_after_login_spec.rb:370:in `block (3 levels) in <main>'[0m

  85) [STEP2] ユーザログイン後のテスト 自分のユーザ情報編集画面のテスト 表示の確認 自己紹介編集フォームに自分の自己紹介文が表示される
      [31mFailure/Error: before_action :authenticate_user!, except [:top][0m
      [31m[0m
      [31mSyntaxError:[0m
      [31m  /home/ec2-user/environment/bookers2/app/controllers/users_controller.rb:3: syntax error, unexpected [, expecting `do' or '{' or '('[0m
      [31m  ...n :authenticate_user!, except [:top][0m
      [31m  ...                              ^[0m
      [36m# ./app/controllers/users_controller.rb:3: syntax error, unexpected [, expecting `do' or '{' or '('[0m
      [36m# ...n :authenticate_user!, except [:top][0m
      [36m# ...                              ^[0m
      [36m# ./spec/system/02_after_login_spec.rb:370:in `block (3 levels) in <main>'[0m

  86) [STEP2] ユーザログイン後のテスト 自分のユーザ情報編集画面のテスト 表示の確認 Update Userボタンが表示される
      [31mFailure/Error: before_action :authenticate_user!, except [:top][0m
      [31m[0m
      [31mSyntaxError:[0m
      [31m  /home/ec2-user/environment/bookers2/app/controllers/users_controller.rb:3: syntax error, unexpected [, expecting `do' or '{' or '('[0m
      [31m  ...n :authenticate_user!, except [:top][0m
      [31m  ...                              ^[0m
      [36m# ./app/controllers/users_controller.rb:3: syntax error, unexpected [, expecting `do' or '{' or '('[0m
      [36m# ...n :authenticate_user!, except [:top][0m
      [36m# ...                              ^[0m
      [36m# ./spec/system/02_after_login_spec.rb:370:in `block (3 levels) in <main>'[0m

  87) [STEP2] ユーザログイン後のテスト 自分のユーザ情報編集画面のテスト 更新成功のテスト nameが正しく更新される
      [31mFailure/Error: before_action :authenticate_user!, except [:top][0m
      [31m[0m
      [31mSyntaxError:[0m
      [31m  /home/ec2-user/environment/bookers2/app/controllers/users_controller.rb:3: syntax error, unexpected [, expecting `do' or '{' or '('[0m
      [31m  ...n :authenticate_user!, except [:top][0m
      [31m  ...                              ^[0m
      [36m# ./app/controllers/users_controller.rb:3: syntax error, unexpected [, expecting `do' or '{' or '('[0m
      [36m# ...n :authenticate_user!, except [:top][0m
      [36m# ...                              ^[0m
      [36m# ./spec/system/02_after_login_spec.rb:370:in `block (3 levels) in <main>'[0m

  88) [STEP2] ユーザログイン後のテスト 自分のユーザ情報編集画面のテスト 更新成功のテスト introductionが正しく更新される
      [31mFailure/Error: before_action :authenticate_user!, except [:top][0m
      [31m[0m
      [31mSyntaxError:[0m
      [31m  /home/ec2-user/environment/bookers2/app/controllers/users_controller.rb:3: syntax error, unexpected [, expecting `do' or '{' or '('[0m
      [31m  ...n :authenticate_user!, except [:top][0m
      [31m  ...                              ^[0m
      [36m# ./app/controllers/users_controller.rb:3: syntax error, unexpected [, expecting `do' or '{' or '('[0m
      [36m# ...n :authenticate_user!, except [:top][0m
      [36m# ...                              ^[0m
      [36m# ./spec/system/02_after_login_spec.rb:370:in `block (3 levels) in <main>'[0m

  89) [STEP2] ユーザログイン後のテスト 自分のユーザ情報編集画面のテスト 更新成功のテスト リダイレクト先が、自分のユーザ詳細画面になっている
      [31mFailure/Error: before_action :authenticate_user!, except [:top][0m
      [31m[0m
      [31mSyntaxError:[0m
      [31m  /home/ec2-user/environment/bookers2/app/controllers/users_controller.rb:3: syntax error, unexpected [, expecting `do' or '{' or '('[0m
      [31m  ...n :authenticate_user!, except [:top][0m
      [31m  ...                              ^[0m
      [36m# ./app/controllers/users_controller.rb:3: syntax error, unexpected [, expecting `do' or '{' or '('[0m
      [36m# ...n :authenticate_user!, except [:top][0m
      [36m# ...                              ^[0m
      [36m# ./spec/system/02_after_login_spec.rb:370:in `block (3 levels) in <main>'[0m

  90) [STEP3] 仕上げのテスト サクセスメッセージのテスト ユーザログアウト成功時
      [31mFailure/Error: logout_link = find_all('a')[4].text[0m
      [31m[0m
      [31mNoMethodError:[0m
      [31m  undefined method `text' for nil:NilClass[0m
      [31m[0m
      [31m        logout_link = find_all('a')[4].text[0m
      [31m                                      ^^^^^[0m
      [36m# ./spec/system/03_finishing_touches_spec.rb:33:in `block (3 levels) in <main>'[0m

  91) [STEP3] 仕上げのテスト サクセスメッセージのテスト ユーザのプロフィール情報更新成功時
      [31mFailure/Error: before_action :authenticate_user!, except [:top][0m
      [31m[0m
      [31mSyntaxError:[0m
      [31m  /home/ec2-user/environment/bookers2/app/controllers/users_controller.rb:3: syntax error, unexpected [, expecting `do' or '{' or '('[0m
      [31m  ...n :authenticate_user!, except [:top][0m
      [31m  ...                              ^[0m
      [36m# ./app/controllers/users_controller.rb:3: syntax error, unexpected [, expecting `do' or '{' or '('[0m
      [36m# ...n :authenticate_user!, except [:top][0m
      [36m# ...                              ^[0m
      [36m# ./spec/system/03_finishing_touches_spec.rb:43:in `block (3 levels) in <main>'[0m

  92) [STEP3] 仕上げのテスト サクセスメッセージのテスト 投稿データの新規投稿成功時: 投稿一覧画面から行います。
      [31mFailure/Error: click_button 'Create Book'[0m
      [31m[0m
      [31mCapybara::ElementNotFound:[0m
      [31m  Unable to find button "Create Book" that is not disabled[0m
      [36m# ./spec/system/03_finishing_touches_spec.rb:55:in `block (3 levels) in <main>'[0m

  93) [STEP3] 仕上げのテスト サクセスメッセージのテスト 投稿データの更新成功時
      [31mFailure/Error: click_button 'Update Book'[0m
      [31m[0m
      [31mCapybara::ElementNotFound:[0m
      [31m  Unable to find button "Update Book" that is not disabled[0m
      [36m# ./spec/system/03_finishing_touches_spec.rb:64:in `block (3 levels) in <main>'[0m

  94) [STEP3] 仕上げのテスト 処理失敗時のテスト ユーザのプロフィール情報編集失敗: nameを1文字にする 更新されない
      [31mFailure/Error: before_action :authenticate_user!, except [:top][0m
      [31m[0m
      [31mSyntaxError:[0m
      [31m  /home/ec2-user/environment/bookers2/app/controllers/users_controller.rb:3: syntax error, unexpected [, expecting `do' or '{' or '('[0m
      [31m  ...n :authenticate_user!, except [:top][0m
      [31m  ...                              ^[0m
      [36m# ./app/controllers/users_controller.rb:3: syntax error, unexpected [, expecting `do' or '{' or '('[0m
      [36m# ...n :authenticate_user!, except [:top][0m
      [36m# ...                              ^[0m
      [36m# ./spec/system/03_finishing_touches_spec.rb:104:in `block (4 levels) in <main>'[0m

  95) [STEP3] 仕上げのテスト 処理失敗時のテスト ユーザのプロフィール情報編集失敗: nameを1文字にする ユーザ編集画面を表示しており、フォームの内容が正しい
      [31mFailure/Error: before_action :authenticate_user!, except [:top][0m
      [31m[0m
      [31mSyntaxError:[0m
      [31m  /home/ec2-user/environment/bookers2/app/controllers/users_controller.rb:3: syntax error, unexpected [, expecting `do' or '{' or '('[0m
      [31m  ...n :authenticate_user!, except [:top][0m
      [31m  ...                              ^[0m
      [36m# ./app/controllers/users_controller.rb:3: syntax error, unexpected [, expecting `do' or '{' or '('[0m
      [36m# ...n :authenticate_user!, except [:top][0m
      [36m# ...                              ^[0m
      [36m# ./spec/system/03_finishing_touches_spec.rb:104:in `block (4 levels) in <main>'[0m

  96) [STEP3] 仕上げのテスト 処理失敗時のテスト ユーザのプロフィール情報編集失敗: nameを1文字にする バリデーションエラーが表示される
      [31mFailure/Error: before_action :authenticate_user!, except [:top][0m
      [31m[0m
      [31mSyntaxError:[0m
      [31m  /home/ec2-user/environment/bookers2/app/controllers/users_controller.rb:3: syntax error, unexpected [, expecting `do' or '{' or '('[0m
      [31m  ...n :authenticate_user!, except [:top][0m
      [31m  ...                              ^[0m
      [36m# ./app/controllers/users_controller.rb:3: syntax error, unexpected [, expecting `do' or '{' or '('[0m
      [36m# ...n :authenticate_user!, except [:top][0m
      [36m# ...                              ^[0m
      [36m# ./spec/system/03_finishing_touches_spec.rb:104:in `block (4 levels) in <main>'[0m

  97) [STEP3] 仕上げのテスト 処理失敗時のテスト 投稿データの新規投稿失敗: 投稿一覧画面から行い、titleを空にする 投稿が保存されない
      [31mFailure/Error: expect { click_button 'Create Book' }.not_to change(Book.all, :count)[0m
      [31m[0m
      [31mCapybara::ElementNotFound:[0m
      [31m  Unable to find button "Create Book" that is not disabled[0m
      [36m# ./spec/system/03_finishing_touches_spec.rb:132:in `block (5 levels) in <main>'[0m
      [36m# ./spec/system/03_finishing_touches_spec.rb:132:in `block (4 levels) in <main>'[0m

  98) [STEP3] 仕上げのテスト 処理失敗時のテスト 投稿データの新規投稿失敗: 投稿一覧画面から行い、titleを空にする 投稿一覧画面を表示している
      [31mFailure/Error: click_button 'Create Book'[0m
      [31m[0m
      [31mCapybara::ElementNotFound:[0m
      [31m  Unable to find button "Create Book" that is not disabled[0m
      [36m# ./spec/system/03_finishing_touches_spec.rb:135:in `block (4 levels) in <main>'[0m

  99) [STEP3] 仕上げのテスト 処理失敗時のテスト 投稿データの新規投稿失敗: 投稿一覧画面から行い、titleを空にする バリデーションエラーが表示される
      [31mFailure/Error: click_button 'Create Book'[0m
      [31m[0m
      [31mCapybara::ElementNotFound:[0m
      [31m  Unable to find button "Create Book" that is not disabled[0m
      [36m# ./spec/system/03_finishing_touches_spec.rb:145:in `block (4 levels) in <main>'[0m

  100) [STEP3] 仕上げのテスト 処理失敗時のテスト 投稿データの更新失敗: titleを空にする 投稿が更新されない
       [31mFailure/Error: click_button 'Update Book'[0m
       [31m[0m
       [31mCapybara::ElementNotFound:[0m
       [31m  Unable to find button "Update Book" that is not disabled[0m
       [36m# ./spec/system/03_finishing_touches_spec.rb:159:in `block (4 levels) in <main>'[0m

  101) [STEP3] 仕上げのテスト 処理失敗時のテスト 投稿データの更新失敗: titleを空にする 投稿編集画面を表示しており、フォームの内容が正しい
       [31mFailure/Error: click_button 'Update Book'[0m
       [31m[0m
       [31mCapybara::ElementNotFound:[0m
       [31m  Unable to find button "Update Book" that is not disabled[0m
       [36m# ./spec/system/03_finishing_touches_spec.rb:159:in `block (4 levels) in <main>'[0m

  102) [STEP3] 仕上げのテスト 処理失敗時のテスト 投稿データの更新失敗: titleを空にする エラーメッセージが表示される
       [31mFailure/Error: click_button 'Update Book'[0m
       [31m[0m
       [31mCapybara::ElementNotFound:[0m
       [31m  Unable to find button "Update Book" that is not disabled[0m
       [36m# ./spec/system/03_finishing_touches_spec.rb:159:in `block (4 levels) in <main>'[0m

  103) [STEP3] 仕上げのテスト ログインしていない場合のアクセス制限のテスト: アクセスできず、ログイン画面に遷移する ユーザ一覧画面
       [31mFailure/Error: visit users_path[0m
       [31m[0m
       [31mNameError:[0m
       [31m  undefined local variable or method `users_path' for #<RSpec::ExampleGroups::STEP3::Nested_3 "ユーザ一覧画面" (./spec/system/03_finishing_touches_spec.rb:179)>[0m
       [36m# ./spec/system/03_finishing_touches_spec.rb:180:in `block (3 levels) in <main>'[0m

  104) [STEP3] 仕上げのテスト ログインしていない場合のアクセス制限のテスト: アクセスできず、ログイン画面に遷移する ユーザ詳細画面
       [31mFailure/Error: before_action :authenticate_user!, except [:top][0m
       [31m[0m
       [31mSyntaxError:[0m
       [31m  /home/ec2-user/environment/bookers2/app/controllers/users_controller.rb:3: syntax error, unexpected [, expecting `do' or '{' or '('[0m
       [31m  ...n :authenticate_user!, except [:top][0m
       [31m  ...                              ^[0m
       [36m# ./app/controllers/users_controller.rb:3: syntax error, unexpected [, expecting `do' or '{' or '('[0m
       [36m# ...n :authenticate_user!, except [:top][0m
       [36m# ...                              ^[0m
       [36m# ./spec/system/03_finishing_touches_spec.rb:184:in `block (3 levels) in <main>'[0m

  105) [STEP3] 仕上げのテスト ログインしていない場合のアクセス制限のテスト: アクセスできず、ログイン画面に遷移する ユーザ情報編集画面
       [31mFailure/Error: before_action :authenticate_user!, except [:top][0m
       [31m[0m
       [31mSyntaxError:[0m
       [31m  /home/ec2-user/environment/bookers2/app/controllers/users_controller.rb:3: syntax error, unexpected [, expecting `do' or '{' or '('[0m
       [31m  ...n :authenticate_user!, except [:top][0m
       [31m  ...                              ^[0m
       [36m# ./app/controllers/users_controller.rb:3: syntax error, unexpected [, expecting `do' or '{' or '('[0m
       [36m# ...n :authenticate_user!, except [:top][0m
       [36m# ...                              ^[0m
       [36m# ./spec/system/03_finishing_touches_spec.rb:188:in `block (3 levels) in <main>'[0m

  106) [STEP3] 仕上げのテスト ログインしていない場合のアクセス制限のテスト: アクセスできず、ログイン画面に遷移する 投稿一覧画面
       [31mFailure/Error: is_expected.to eq '/users/sign_in'[0m
       [31m[0m
       [31m  expected: "/users/sign_in"[0m
       [31m       got: "/books"[0m
       [31m[0m
       [31m  (compared using ==)[0m
       [36m# ./spec/system/03_finishing_touches_spec.rb:193:in `block (3 levels) in <main>'[0m

  107) [STEP3] 仕上げのテスト ログインしていない場合のアクセス制限のテスト: アクセスできず、ログイン画面に遷移する 投稿詳細画面
       [31mFailure/Error: is_expected.to eq '/users/sign_in'[0m
       [31m[0m
       [31m  expected: "/users/sign_in"[0m
       [31m       got: "/books/1"[0m
       [31m[0m
       [31m  (compared using ==)[0m
       [36m# ./spec/system/03_finishing_touches_spec.rb:197:in `block (3 levels) in <main>'[0m

  108) [STEP3] 仕上げのテスト ログインしていない場合のアクセス制限のテスト: アクセスできず、ログイン画面に遷移する 投稿編集画面
       [31mFailure/Error: unless book.user_id == current_user.id[0m
       [31m[0m
       [31mNoMethodError:[0m
       [31m  undefined method `id' for nil:NilClass[0m
       [31m[0m
       [31m        unless book.user_id == current_user.id[0m
       [31m                                           ^^^[0m
       [36m# ./app/controllers/books_controller.rb:53:in `is_matching_login_user'[0m
       [36m# ./spec/system/03_finishing_touches_spec.rb:200:in `block (3 levels) in <main>'[0m

  109) [STEP3] 仕上げのテスト 他人の画面のテスト 他人の投稿詳細画面のテスト 表示内容の確認 「Book detail」と表示される
       [31mFailure/Error: expect(page).to have_content 'Book detail'[0m
       [31m  expected to find text "Book detail" in "ログアウト マイページ\ntitle：oc8n1\nbody：0z6gpef15wdptk4fcpse\n2djemgtl1r\n投稿日：2024/11/19"[0m
       [36m# ./spec/system/03_finishing_touches_spec.rb:223:in `block (5 levels) in <main>'[0m

  110) [STEP3] 仕上げのテスト 他人の画面のテスト 他人の投稿詳細画面のテスト 表示内容の確認 ユーザ画像・名前のリンク先が正しい
       [31mFailure/Error: expect(page).to have_link other_book.user.name, href: user_path(other_book.user)[0m
       [31m  expected to find link "cy2hf0aq2u" with href "/users/2" but there were no matches[0m
       [36m# ./spec/system/03_finishing_touches_spec.rb:226:in `block (5 levels) in <main>'[0m

  111) [STEP3] 仕上げのテスト 他人の画面のテスト 他人の投稿詳細画面のテスト サイドバーの確認 他人の名前と紹介文が表示される
       [31mFailure/Error: expect(page).to have_content other_user.introduction[0m
       [31m  expected to find text "bya6cajo85odnddd1387" in "ログアウト マイページ\ntitle：v9481\nbody：j1xgv39m9yjrlpunisti\nv9de7rwhjm\n投稿日：2024/11/19"[0m
       [36m# ./spec/system/03_finishing_touches_spec.rb:245:in `block (5 levels) in <main>'[0m

  112) [STEP3] 仕上げのテスト 他人の画面のテスト 他人の投稿詳細画面のテスト サイドバーの確認 他人のユーザ編集画面へのリンクが存在する
       [31mFailure/Error: expect(page).to have_link '', href: edit_user_path(other_user)[0m
       [31m  expected to find link "" with href "/users/2/edit" but there were no matches[0m
       [36m# ./spec/system/03_finishing_touches_spec.rb:248:in `block (5 levels) in <main>'[0m

  113) [STEP3] 仕上げのテスト 他人の画面のテスト 他人のユーザ詳細画面のテスト 表示の確認 URLが正しい
       [31mFailure/Error: before_action :authenticate_user!, except [:top][0m
       [31m[0m
       [31mSyntaxError:[0m
       [31m  /home/ec2-user/environment/bookers2/app/controllers/users_controller.rb:3: syntax error, unexpected [, expecting `do' or '{' or '('[0m
       [31m  ...n :authenticate_user!, except [:top][0m
       [31m  ...                              ^[0m
       [36m# ./app/controllers/users_controller.rb:3: syntax error, unexpected [, expecting `do' or '{' or '('[0m
       [36m# ...n :authenticate_user!, except [:top][0m
       [36m# ...                              ^[0m
       [36m# ./spec/system/03_finishing_touches_spec.rb:275:in `block (4 levels) in <main>'[0m

  114) [STEP3] 仕上げのテスト 他人の画面のテスト 他人のユーザ詳細画面のテスト 表示の確認 投稿一覧のユーザ画像のリンク先が正しい
       [31mFailure/Error: before_action :authenticate_user!, except [:top][0m
       [31m[0m
       [31mSyntaxError:[0m
       [31m  /home/ec2-user/environment/bookers2/app/controllers/users_controller.rb:3: syntax error, unexpected [, expecting `do' or '{' or '('[0m
       [31m  ...n :authenticate_user!, except [:top][0m
       [31m  ...                              ^[0m
       [36m# ./app/controllers/users_controller.rb:3: syntax error, unexpected [, expecting `do' or '{' or '('[0m
       [36m# ...n :authenticate_user!, except [:top][0m
       [36m# ...                              ^[0m
       [36m# ./spec/system/03_finishing_touches_spec.rb:275:in `block (4 levels) in <main>'[0m

  115) [STEP3] 仕上げのテスト 他人の画面のテスト 他人のユーザ詳細画面のテスト 表示の確認 投稿一覧に他人の投稿のtitleが表示され、リンクが正しい
       [31mFailure/Error: before_action :authenticate_user!, except [:top][0m
       [31m[0m
       [31mSyntaxError:[0m
       [31m  /home/ec2-user/environment/bookers2/app/controllers/users_controller.rb:3: syntax error, unexpected [, expecting `do' or '{' or '('[0m
       [31m  ...n :authenticate_user!, except [:top][0m
       [31m  ...                              ^[0m
       [36m# ./app/controllers/users_controller.rb:3: syntax error, unexpected [, expecting `do' or '{' or '('[0m
       [36m# ...n :authenticate_user!, except [:top][0m
       [36m# ...                              ^[0m
       [36m# ./spec/system/03_finishing_touches_spec.rb:275:in `block (4 levels) in <main>'[0m

  116) [STEP3] 仕上げのテスト 他人の画面のテスト 他人のユーザ詳細画面のテスト 表示の確認 投稿一覧に他人の投稿のopinionが表示される
       [31mFailure/Error: before_action :authenticate_user!, except [:top][0m
       [31m[0m
       [31mSyntaxError:[0m
       [31m  /home/ec2-user/environment/bookers2/app/controllers/users_controller.rb:3: syntax error, unexpected [, expecting `do' or '{' or '('[0m
       [31m  ...n :authenticate_user!, except [:top][0m
       [31m  ...                              ^[0m
       [36m# ./app/controllers/users_controller.rb:3: syntax error, unexpected [, expecting `do' or '{' or '('[0m
       [36m# ...n :authenticate_user!, except [:top][0m
       [36m# ...                              ^[0m
       [36m# ./spec/system/03_finishing_touches_spec.rb:275:in `block (4 levels) in <main>'[0m

  117) [STEP3] 仕上げのテスト 他人の画面のテスト 他人のユーザ詳細画面のテスト 表示の確認 自分の投稿は表示されない
       [31mFailure/Error: before_action :authenticate_user!, except [:top][0m
       [31m[0m
       [31mSyntaxError:[0m
       [31m  /home/ec2-user/environment/bookers2/app/controllers/users_controller.rb:3: syntax error, unexpected [, expecting `do' or '{' or '('[0m
       [31m  ...n :authenticate_user!, except [:top][0m
       [31m  ...                              ^[0m
       [36m# ./app/controllers/users_controller.rb:3: syntax error, unexpected [, expecting `do' or '{' or '('[0m
       [36m# ...n :authenticate_user!, except [:top][0m
       [36m# ...                              ^[0m
       [36m# ./spec/system/03_finishing_touches_spec.rb:275:in `block (4 levels) in <main>'[0m

  118) [STEP3] 仕上げのテスト 他人の画面のテスト 他人のユーザ詳細画面のテスト サイドバーの確認 他人の名前と紹介文が表示される
       [31mFailure/Error: before_action :authenticate_user!, except [:top][0m
       [31m[0m
       [31mSyntaxError:[0m
       [31m  /home/ec2-user/environment/bookers2/app/controllers/users_controller.rb:3: syntax error, unexpected [, expecting `do' or '{' or '('[0m
       [31m  ...n :authenticate_user!, except [:top][0m
       [31m  ...                              ^[0m
       [36m# ./app/controllers/users_controller.rb:3: syntax error, unexpected [, expecting `do' or '{' or '('[0m
       [36m# ...n :authenticate_user!, except [:top][0m
       [36m# ...                              ^[0m
       [36m# ./spec/system/03_finishing_touches_spec.rb:275:in `block (4 levels) in <main>'[0m

  119) [STEP3] 仕上げのテスト 他人の画面のテスト 他人のユーザ詳細画面のテスト サイドバーの確認 他人のユーザ編集画面へのリンクが存在する
       [31mFailure/Error: before_action :authenticate_user!, except [:top][0m
       [31m[0m
       [31mSyntaxError:[0m
       [31m  /home/ec2-user/environment/bookers2/app/controllers/users_controller.rb:3: syntax error, unexpected [, expecting `do' or '{' or '('[0m
       [31m  ...n :authenticate_user!, except [:top][0m
       [31m  ...                              ^[0m
       [36m# ./app/controllers/users_controller.rb:3: syntax error, unexpected [, expecting `do' or '{' or '('[0m
       [36m# ...n :authenticate_user!, except [:top][0m
       [36m# ...                              ^[0m
       [36m# ./spec/system/03_finishing_touches_spec.rb:275:in `block (4 levels) in <main>'[0m

  120) [STEP3] 仕上げのテスト 他人の画面のテスト 他人のユーザ詳細画面のテスト サイドバーの確認 自分の名前と紹介文は表示されない
       [31mFailure/Error: before_action :authenticate_user!, except [:top][0m
       [31m[0m
       [31mSyntaxError:[0m
       [31m  /home/ec2-user/environment/bookers2/app/controllers/users_controller.rb:3: syntax error, unexpected [, expecting `do' or '{' or '('[0m
       [31m  ...n :authenticate_user!, except [:top][0m
       [31m  ...                              ^[0m
       [36m# ./app/controllers/users_controller.rb:3: syntax error, unexpected [, expecting `do' or '{' or '('[0m
       [36m# ...n :authenticate_user!, except [:top][0m
       [36m# ...                              ^[0m
       [36m# ./spec/system/03_finishing_touches_spec.rb:275:in `block (4 levels) in <main>'[0m

  121) [STEP3] 仕上げのテスト 他人の画面のテスト 他人のユーザ詳細画面のテスト サイドバーの確認 自分のユーザ編集画面へのリンクは存在しない
       [31mFailure/Error: before_action :authenticate_user!, except [:top][0m
       [31m[0m
       [31mSyntaxError:[0m
       [31m  /home/ec2-user/environment/bookers2/app/controllers/users_controller.rb:3: syntax error, unexpected [, expecting `do' or '{' or '('[0m
       [31m  ...n :authenticate_user!, except [:top][0m
       [31m  ...                              ^[0m
       [36m# ./app/controllers/users_controller.rb:3: syntax error, unexpected [, expecting `do' or '{' or '('[0m
       [36m# ...n :authenticate_user!, except [:top][0m
       [36m# ...                              ^[0m
       [36m# ./spec/system/03_finishing_touches_spec.rb:275:in `block (4 levels) in <main>'[0m

  122) [STEP3] 仕上げのテスト 他人の画面のテスト 他人のユーザ情報編集画面 遷移できず、自分のユーザ詳細画面にリダイレクトされる
       [31mFailure/Error: before_action :authenticate_user!, except [:top][0m
       [31m[0m
       [31mSyntaxError:[0m
       [31m  /home/ec2-user/environment/bookers2/app/controllers/users_controller.rb:3: syntax error, unexpected [, expecting `do' or '{' or '('[0m
       [31m  ...n :authenticate_user!, except [:top][0m
       [31m  ...                              ^[0m
       [36m# ./app/controllers/users_controller.rb:3: syntax error, unexpected [, expecting `do' or '{' or '('[0m
       [36m# ...n :authenticate_user!, except [:top][0m
       [36m# ...                              ^[0m
       [36m# ./spec/system/03_finishing_touches_spec.rb:317:in `block (4 levels) in <main>'[0m

  123) [STEP3] 仕上げのテスト グリッドシステムのテスト: container, row, col-md-〇を正しく使えている ユーザ一覧画面
       [31mFailure/Error: visit users_path[0m
       [31m[0m
       [31mNameError:[0m
       [31m  undefined local variable or method `users_path' for #<RSpec::ExampleGroups::STEP3::ContainerRowColMd "ユーザ一覧画面" (./spec/system/03_finishing_touches_spec.rb:333)>[0m
       [36m# ./spec/system/03_finishing_touches_spec.rb:334:in `block (3 levels) in <main>'[0m

  124) [STEP3] 仕上げのテスト グリッドシステムのテスト: container, row, col-md-〇を正しく使えている ユーザ詳細画面
       [31mFailure/Error: before_action :authenticate_user!, except [:top][0m
       [31m[0m
       [31mSyntaxError:[0m
       [31m  /home/ec2-user/environment/bookers2/app/controllers/users_controller.rb:3: syntax error, unexpected [, expecting `do' or '{' or '('[0m
       [31m  ...n :authenticate_user!, except [:top][0m
       [31m  ...                              ^[0m
       [36m# ./app/controllers/users_controller.rb:3: syntax error, unexpected [, expecting `do' or '{' or '('[0m
       [36m# ...n :authenticate_user!, except [:top][0m
       [36m# ...                              ^[0m
       [36m# ./spec/system/03_finishing_touches_spec.rb:339:in `block (3 levels) in <main>'[0m

  125) [STEP3] 仕上げのテスト グリッドシステムのテスト: container, row, col-md-〇を正しく使えている 投稿一覧画面
       [31mFailure/Error: is_expected.to have_selector '.container .row .col-md-3'[0m
       [31m  expected to find css ".container .row .col-md-3" but there were no matches[0m
       [36m# ./spec/system/03_finishing_touches_spec.rb:345:in `block (3 levels) in <main>'[0m

  126) [STEP3] 仕上げのテスト グリッドシステムのテスト: container, row, col-md-〇を正しく使えている 投稿詳細画面
       [31mFailure/Error: is_expected.to have_selector '.container .row .col-md-3'[0m
       [31m  expected to find css ".container .row .col-md-3" but there were no matches[0m
       [36m# ./spec/system/03_finishing_touches_spec.rb:350:in `block (3 levels) in <main>'[0m

  127) [STEP3] 仕上げのテスト アイコンのテスト トップ画面 本のアイコンが表示される
       [31mFailure/Error: is_expected.to have_selector '.fa-solid.fa-book, .fas.fa-book'[0m
       [31m  expected to find css ".fa-solid.fa-book, .fas.fa-book" but there were no matches[0m
       [36m# ./spec/system/03_finishing_touches_spec.rb:364:in `block (4 levels) in <main>'[0m

  128) [STEP3] 仕上げのテスト アイコンのテスト アバウト画面 本のアイコンが表示される
       [31mFailure/Error: is_expected.to have_selector '.fa-solid.fa-book, .fas.fa-book'[0m
       [31m  expected to find css ".fa-solid.fa-book, .fas.fa-book" but there were no matches[0m
       [36m# ./spec/system/03_finishing_touches_spec.rb:376:in `block (4 levels) in <main>'[0m

  129) [STEP3] 仕上げのテスト アイコンのテスト ヘッダー: ログインしていない場合 Homeリンクのアイコンが表示される
       [31mFailure/Error: is_expected.to have_selector '.fa-solid.fa-house, .fa-solid.fa-home, .fas.fa-home'[0m
       [31m  expected to find css ".fa-solid.fa-house, .fa-solid.fa-home, .fas.fa-home" but there were no matches[0m
       [36m# ./spec/system/03_finishing_touches_spec.rb:388:in `block (4 levels) in <main>'[0m

  130) [STEP3] 仕上げのテスト アイコンのテスト ヘッダー: ログインしていない場合 Aboutリンクのアイコンが表示される
       [31mFailure/Error: is_expected.to have_selector '.fa-solid.fa-link, .fas.fa-link'[0m
       [31m  expected to find css ".fa-solid.fa-link, .fas.fa-link" but there were no matches[0m
       [36m# ./spec/system/03_finishing_touches_spec.rb:391:in `block (4 levels) in <main>'[0m

  131) [STEP3] 仕上げのテスト アイコンのテスト ヘッダー: ログインしていない場合 Sign upリンクのアイコンが表示される
       [31mFailure/Error: is_expected.to have_selector '.fa-solid.fa-user-plus, .fas.fa-user-plus'[0m
       [31m  expected to find css ".fa-solid.fa-user-plus, .fas.fa-user-plus" but there were no matches[0m
       [36m# ./spec/system/03_finishing_touches_spec.rb:394:in `block (4 levels) in <main>'[0m

  132) [STEP3] 仕上げのテスト アイコンのテスト ヘッダー: ログインしていない場合 Log inリンクのアイコンが表示される
       [31mFailure/Error: is_expected.to have_selector '.fa-solid.fa-right-to-bracket, .fa-solid.fa-sign-in-alt, .fas.fa-sign-in-alt'[0m
       [31m  expected to find css ".fa-solid.fa-right-to-bracket, .fa-solid.fa-sign-in-alt, .fas.fa-sign-in-alt" but there were no matches[0m
       [36m# ./spec/system/03_finishing_touches_spec.rb:397:in `block (4 levels) in <main>'[0m

  133) [STEP3] 仕上げのテスト アイコンのテスト ヘッダー: ログインしている場合 Homeリンクのアイコンが表示される
       [31mFailure/Error: is_expected.to have_selector '.fa-solid.fa-house, .fa-solid.fa-home, .fas.fa-home'[0m
       [31m  expected to find css ".fa-solid.fa-house, .fa-solid.fa-home, .fas.fa-home" but there were no matches[0m
       [36m# ./spec/system/03_finishing_touches_spec.rb:412:in `block (4 levels) in <main>'[0m

  134) [STEP3] 仕上げのテスト アイコンのテスト ヘッダー: ログインしている場合 Usersリンクのアイコンが表示される
       [31mFailure/Error: is_expected.to have_selector '.fa-solid.fa-users, .fas.fa-users'[0m
       [31m  expected to find css ".fa-solid.fa-users, .fas.fa-users" but there were no matches[0m
       [36m# ./spec/system/03_finishing_touches_spec.rb:415:in `block (4 levels) in <main>'[0m

  135) [STEP3] 仕上げのテスト アイコンのテスト ヘッダー: ログインしている場合 Booksリンクのアイコンが表示される
       [31mFailure/Error: is_expected.to have_selector '.fa-solid.fa-book-open, .fas.fa-book-open'[0m
       [31m  expected to find css ".fa-solid.fa-book-open, .fas.fa-book-open" but there were no matches[0m
       [36m# ./spec/system/03_finishing_touches_spec.rb:418:in `block (4 levels) in <main>'[0m

  136) [STEP3] 仕上げのテスト アイコンのテスト ヘッダー: ログインしている場合 Log outリンクのアイコンが表示される
       [31mFailure/Error: is_expected.to have_selector '.fa-solid.fa-right-from-bracket, .fa-solid.fa-sign-out-alt, .fas.fa-sign-out-alt'[0m
       [31m  expected to find css ".fa-solid.fa-right-from-bracket, .fa-solid.fa-sign-out-alt, .fas.fa-sign-out-alt" but there were no matches[0m
       [36m# ./spec/system/03_finishing_touches_spec.rb:421:in `block (4 levels) in <main>'[0m

  137) [STEP3] 仕上げのテスト アイコンのテスト サイドバー ユーザ一覧画面でレンチアイコンが表示される
       [31mFailure/Error: visit users_path[0m
       [31m[0m
       [31mNameError:[0m
       [31m  undefined local variable or method `users_path' for #<RSpec::ExampleGroups::STEP3::Nested_5::Nested_5 "ユーザ一覧画面でレンチアイコンが表示される" (./spec/system/03_finishing_touches_spec.rb:435)>[0m
       [36m# ./spec/system/03_finishing_touches_spec.rb:436:in `block (4 levels) in <main>'[0m

  138) [STEP3] 仕上げのテスト アイコンのテスト サイドバー ユーザ詳細画面でレンチアイコンが表示される
       [31mFailure/Error: before_action :authenticate_user!, except [:top][0m
       [31m[0m
       [31mSyntaxError:[0m
       [31m  /home/ec2-user/environment/bookers2/app/controllers/users_controller.rb:3: syntax error, unexpected [, expecting `do' or '{' or '('[0m
       [31m  ...n :authenticate_user!, except [:top][0m
       [31m  ...                              ^[0m
       [36m# ./app/controllers/users_controller.rb:3: syntax error, unexpected [, expecting `do' or '{' or '('[0m
       [36m# ...n :authenticate_user!, except [:top][0m
       [36m# ...                              ^[0m
       [36m# ./spec/system/03_finishing_touches_spec.rb:440:in `block (4 levels) in <main>'[0m

  139) [STEP3] 仕上げのテスト アイコンのテスト サイドバー 投稿一覧画面でレンチアイコンが表示される
       [31mFailure/Error: is_expected.to have_selector '.fa-solid.fa-user-gear, .fa-solid.fa-user-cog, .fas.fa-user-cog'[0m
       [31m  expected to find css ".fa-solid.fa-user-gear, .fa-solid.fa-user-cog, .fas.fa-user-cog" but there were no matches[0m
       [36m# ./spec/system/03_finishing_touches_spec.rb:445:in `block (4 levels) in <main>'[0m

  140) [STEP3] 仕上げのテスト アイコンのテスト サイドバー 投稿詳細画面でレンチアイコンが表示される
       [31mFailure/Error: is_expected.to have_selector '.fa-solid.fa-user-gear, .fa-solid.fa-user-cog, .fas.fa-user-cog'[0m
       [31m  expected to find css ".fa-solid.fa-user-gear, .fa-solid.fa-user-cog, .fas.fa-user-cog" but there were no matches[0m
       [36m# ./spec/system/03_finishing_touches_spec.rb:449:in `block (4 levels) in <main>'[0m

Finished in 29.26 seconds (files took 3.48 seconds to load)
[31m199 examples, 140 failures, 1 error occurred outside of examples[0m

Failed examples:

[31mrspec ./spec/models/book_spec.rb:26[0m [36m# Bookモデルのテスト バリデーションのテスト bodyカラム 200文字以下であること: 201文字は×[0m
[31mrspec ./spec/models/user_spec.rb:31[0m [36m# Userモデルのテスト バリデーションのテスト nameカラム 一意性があること[0m
[31mrspec ./spec/system/01_before_login_spec.rb:13[0m [36m# [STEP1] ユーザログイン前のテスト トップ画面のテスト 表示内容の確認 Log inリンクが表示される: 青色のボタンの表示が「Log in」である[0m
[31mrspec ./spec/system/01_before_login_spec.rb:17[0m [36m# [STEP1] ユーザログイン前のテスト トップ画面のテスト 表示内容の確認 Log inリンクの内容が正しい[0m
[31mrspec ./spec/system/01_before_login_spec.rb:21[0m [36m# [STEP1] ユーザログイン前のテスト トップ画面のテスト 表示内容の確認 Sign upリンクが表示される: 緑色のボタンの表示が「Sign up」である[0m
[31mrspec ./spec/system/01_before_login_spec.rb:25[0m [36m# [STEP1] ユーザログイン前のテスト トップ画面のテスト 表示内容の確認 Sign upリンクの内容が正しい[0m
[31mrspec ./spec/system/01_before_login_spec.rb:50[0m [36m# [STEP1] ユーザログイン前のテスト ヘッダーのテスト: ログインしていない場合 表示内容の確認 Bookersリンクが表示される: 左上から1番目のリンクが「Bookers」である[0m
[31mrspec ./spec/system/01_before_login_spec.rb:54[0m [36m# [STEP1] ユーザログイン前のテスト ヘッダーのテスト: ログインしていない場合 表示内容の確認 Homeリンクが表示される: 左上から2番目のリンクが「Home」である[0m
[31mrspec ./spec/system/01_before_login_spec.rb:58[0m [36m# [STEP1] ユーザログイン前のテスト ヘッダーのテスト: ログインしていない場合 表示内容の確認 Aboutリンクが表示される: 左上から3番目のリンクが「About」である[0m
[31mrspec ./spec/system/01_before_login_spec.rb:66[0m [36m# [STEP1] ユーザログイン前のテスト ヘッダーのテスト: ログインしていない場合 表示内容の確認 Log inリンクが表示される: 左上から5番目のリンクが「Log in」である[0m
[31mrspec ./spec/system/01_before_login_spec.rb:75[0m [36m# [STEP1] ユーザログイン前のテスト ヘッダーのテスト: ログインしていない場合 リンクの内容を確認 Bookersを押すと、トップ画面に遷移する[0m
[31mrspec ./spec/system/01_before_login_spec.rb:82[0m [36m# [STEP1] ユーザログイン前のテスト ヘッダーのテスト: ログインしていない場合 リンクの内容を確認 Homeを押すと、トップ画面に遷移する[0m
[31mrspec ./spec/system/01_before_login_spec.rb:89[0m [36m# [STEP1] ユーザログイン前のテスト ヘッダーのテスト: ログインしていない場合 リンクの内容を確認 Aboutを押すと、アバウト画面に遷移する[0m
[31mrspec ./spec/system/01_before_login_spec.rb:101[0m [36m# [STEP1] ユーザログイン前のテスト ヘッダーのテスト: ログインしていない場合 リンクの内容を確認 Log inを押すと、ログイン画面に遷移する[0m
[31mrspec ./spec/system/01_before_login_spec.rb:150[0m [36m# [STEP1] ユーザログイン前のテスト ユーザ新規登録のテスト 新規登録成功のテスト 新規登録後のリダイレクト先が、新規登録できたユーザの詳細画面になっている[0m
[31mrspec ./spec/system/01_before_login_spec.rb:192[0m [36m# [STEP1] ユーザログイン前のテスト ユーザログイン ログイン成功のテスト ログイン後のリダイレクト先が、ログインしたユーザの詳細画面になっている[0m
[31mrspec ./spec/system/01_before_login_spec.rb:221[0m [36m# [STEP1] ユーザログイン前のテスト ヘッダーのテスト: ログインしている場合 ヘッダーの表示を確認 Bookersリンクが表示される: 左上から1番目のリンクが「Bookers」である[0m
[31mrspec ./spec/system/01_before_login_spec.rb:225[0m [36m# [STEP1] ユーザログイン前のテスト ヘッダーのテスト: ログインしている場合 ヘッダーの表示を確認 Homeリンクが表示される: 左上から2番目のリンクが「Home」である[0m
[31mrspec ./spec/system/01_before_login_spec.rb:229[0m [36m# [STEP1] ユーザログイン前のテスト ヘッダーのテスト: ログインしている場合 ヘッダーの表示を確認 Usersリンクが表示される: 左上から3番目のリンクが「Users」である[0m
[31mrspec ./spec/system/01_before_login_spec.rb:233[0m [36m# [STEP1] ユーザログイン前のテスト ヘッダーのテスト: ログインしている場合 ヘッダーの表示を確認 Booksリンクが表示される: 左上から4番目のリンクが「Books」である[0m
[31mrspec ./spec/system/01_before_login_spec.rb:237[0m [36m# [STEP1] ユーザログイン前のテスト ヘッダーのテスト: ログインしている場合 ヘッダーの表示を確認 Log outリンクが表示される: 左上から5番目のリンクが「Log out」である[0m
[31mrspec ./spec/system/01_before_login_spec.rb:258[0m [36m# [STEP1] ユーザログイン前のテスト ユーザログアウトのテスト ログアウト機能のテスト 正しくログアウトできている: ログアウト後のリダイレクト先においてAbout画面へのリンクが存在する[0m
[31mrspec ./spec/system/01_before_login_spec.rb:261[0m [36m# [STEP1] ユーザログイン前のテスト ユーザログアウトのテスト ログアウト機能のテスト ログアウト後のリダイレクト先が、トップになっている[0m
[31mrspec ./spec/system/02_after_login_spec.rb:20[0m [36m# [STEP2] ユーザログイン後のテスト ヘッダーのテスト: ログインしている場合 リンクの内容を確認: ※logoutは『ユーザログアウトのテスト』でテスト済みになります。 Homeを押すと、自分のユーザ詳細画面に遷移する[0m
[31mrspec ./spec/system/02_after_login_spec.rb:26[0m [36m# [STEP2] ユーザログイン後のテスト ヘッダーのテスト: ログインしている場合 リンクの内容を確認: ※logoutは『ユーザログアウトのテスト』でテスト済みになります。 Usersを押すと、ユーザ一覧画面に遷移する[0m
[31mrspec ./spec/system/02_after_login_spec.rb:32[0m [36m# [STEP2] ユーザログイン後のテスト ヘッダーのテスト: ログインしている場合 リンクの内容を確認: ※logoutは『ユーザログアウトのテスト』でテスト済みになります。 Booksを押すと、投稿一覧画面に遷移する[0m
[31mrspec ./spec/system/02_after_login_spec.rb:50[0m [36m# [STEP2] ユーザログイン後のテスト 投稿一覧画面のテスト 表示内容の確認 自分と他人の画像のリンク先が正しい[0m
[31mrspec ./spec/system/02_after_login_spec.rb:65[0m [36m# [STEP2] ユーザログイン後のテスト 投稿一覧画面のテスト サイドバーの確認 自分の名前と紹介文が表示される[0m
[31mrspec ./spec/system/02_after_login_spec.rb:69[0m [36m# [STEP2] ユーザログイン後のテスト 投稿一覧画面のテスト サイドバーの確認 自分のユーザ編集画面へのリンクが存在する[0m
[31mrspec ./spec/system/02_after_login_spec.rb:72[0m [36m# [STEP2] ユーザログイン後のテスト 投稿一覧画面のテスト サイドバーの確認 「New book」と表示される[0m
[31mrspec ./spec/system/02_after_login_spec.rb:87[0m [36m# [STEP2] ユーザログイン後のテスト 投稿一覧画面のテスト サイドバーの確認 Create Bookボタンが表示される[0m
[31mrspec ./spec/system/02_after_login_spec.rb:98[0m [36m# [STEP2] ユーザログイン後のテスト 投稿一覧画面のテスト 投稿成功のテスト 自分の新しい投稿が正しく保存される[0m
[31mrspec ./spec/system/02_after_login_spec.rb:101[0m [36m# [STEP2] ユーザログイン後のテスト 投稿一覧画面のテスト 投稿成功のテスト リダイレクト先が、保存できた投稿の詳細画面になっている[0m
[31mrspec ./spec/system/02_after_login_spec.rb:117[0m [36m# [STEP2] ユーザログイン後のテスト 自分の投稿詳細画面のテスト 表示内容の確認 「Book detail」と表示される[0m
[31mrspec ./spec/system/02_after_login_spec.rb:120[0m [36m# [STEP2] ユーザログイン後のテスト 自分の投稿詳細画面のテスト 表示内容の確認 ユーザ画像・名前のリンク先が正しい[0m
[31mrspec ./spec/system/02_after_login_spec.rb:129[0m [36m# [STEP2] ユーザログイン後のテスト 自分の投稿詳細画面のテスト 表示内容の確認 投稿の編集リンクが表示される[0m
[31mrspec ./spec/system/02_after_login_spec.rb:132[0m [36m# [STEP2] ユーザログイン後のテスト 自分の投稿詳細画面のテスト 表示内容の確認 投稿の削除リンクが表示される[0m
[31mrspec ./spec/system/02_after_login_spec.rb:138[0m [36m# [STEP2] ユーザログイン後のテスト 自分の投稿詳細画面のテスト サイドバーの確認 自分の名前と紹介文が表示される[0m
[31mrspec ./spec/system/02_after_login_spec.rb:142[0m [36m# [STEP2] ユーザログイン後のテスト 自分の投稿詳細画面のテスト サイドバーの確認 自分のユーザ編集画面へのリンクが存在する[0m
[31mrspec ./spec/system/02_after_login_spec.rb:145[0m [36m# [STEP2] ユーザログイン後のテスト 自分の投稿詳細画面のテスト サイドバーの確認 「New book」と表示される[0m
[31mrspec ./spec/system/02_after_login_spec.rb:148[0m [36m# [STEP2] ユーザログイン後のテスト 自分の投稿詳細画面のテスト サイドバーの確認 titleフォームが表示される[0m
[31mrspec ./spec/system/02_after_login_spec.rb:151[0m [36m# [STEP2] ユーザログイン後のテスト 自分の投稿詳細画面のテスト サイドバーの確認 titleフォームに値が入っていない[0m
[31mrspec ./spec/system/02_after_login_spec.rb:154[0m [36m# [STEP2] ユーザログイン後のテスト 自分の投稿詳細画面のテスト サイドバーの確認 bodyフォームが表示される[0m
[31mrspec ./spec/system/02_after_login_spec.rb:157[0m [36m# [STEP2] ユーザログイン後のテスト 自分の投稿詳細画面のテスト サイドバーの確認 bodyフォームに値が入っていない[0m
[31mrspec ./spec/system/02_after_login_spec.rb:160[0m [36m# [STEP2] ユーザログイン後のテスト 自分の投稿詳細画面のテスト サイドバーの確認 Create Bookボタンが表示される[0m
[31mrspec ./spec/system/02_after_login_spec.rb:171[0m [36m# [STEP2] ユーザログイン後のテスト 自分の投稿詳細画面のテスト 投稿成功のテスト 自分の新しい投稿が正しく保存される[0m
[31mrspec ./spec/system/02_after_login_spec.rb:180[0m [36m# [STEP2] ユーザログイン後のテスト 自分の投稿詳細画面のテスト 編集リンクのテスト 編集画面に遷移する[0m
[31mrspec ./spec/system/02_after_login_spec.rb:189[0m [36m# [STEP2] ユーザログイン後のテスト 自分の投稿詳細画面のテスト 削除リンクのテスト application.html.erbにjavascript_pack_tagを含んでいる[0m
[31mrspec ./spec/system/02_after_login_spec.rb:203[0m [36m# [STEP2] ユーザログイン後のテスト 自分の投稿詳細画面のテスト 削除リンクのテスト 正しく削除される[0m
[31mrspec ./spec/system/02_after_login_spec.rb:206[0m [36m# [STEP2] ユーザログイン後のテスト 自分の投稿詳細画面のテスト 削除リンクのテスト リダイレクト先が、投稿一覧画面になっている[0m
[31mrspec ./spec/system/02_after_login_spec.rb:230[0m [36m# [STEP2] ユーザログイン後のテスト 自分の投稿編集画面のテスト 表示の確認 Update Bookボタンが表示される[0m
[31mrspec ./spec/system/02_after_login_spec.rb:233[0m [36m# [STEP2] ユーザログイン後のテスト 自分の投稿編集画面のテスト 表示の確認 Showリンクが表示される[0m
[31mrspec ./spec/system/02_after_login_spec.rb:236[0m [36m# [STEP2] ユーザログイン後のテスト 自分の投稿編集画面のテスト 表示の確認 Backリンクが表示される[0m
[31mrspec ./spec/system/02_after_login_spec.rb:250[0m [36m# [STEP2] ユーザログイン後のテスト 自分の投稿編集画面のテスト 編集成功のテスト titleが正しく更新される[0m
[31mrspec ./spec/system/02_after_login_spec.rb:253[0m [36m# [STEP2] ユーザログイン後のテスト 自分の投稿編集画面のテスト 編集成功のテスト bodyが正しく更新される[0m
[31mrspec ./spec/system/02_after_login_spec.rb:256[0m [36m# [STEP2] ユーザログイン後のテスト 自分の投稿編集画面のテスト 編集成功のテスト リダイレクト先が、更新した投稿の詳細画面になっている[0m
[31mrspec ./spec/system/02_after_login_spec.rb:269[0m [36m# [STEP2] ユーザログイン後のテスト ユーザ一覧画面のテスト 表示内容の確認 URLが正しい[0m
[31mrspec ./spec/system/02_after_login_spec.rb:272[0m [36m# [STEP2] ユーザログイン後のテスト ユーザ一覧画面のテスト 表示内容の確認 自分と他人の画像が表示される: fallbackの画像がサイドバーの1つ＋一覧(2人)の2つの計3つ存在する[0m
[31mrspec ./spec/system/02_after_login_spec.rb:275[0m [36m# [STEP2] ユーザログイン後のテスト ユーザ一覧画面のテスト 表示内容の確認 自分と他人の名前がそれぞれ表示される[0m
[31mrspec ./spec/system/02_after_login_spec.rb:279[0m [36m# [STEP2] ユーザログイン後のテスト ユーザ一覧画面のテスト 表示内容の確認 自分と他人のshowリンクがそれぞれ表示される[0m
[31mrspec ./spec/system/02_after_login_spec.rb:286[0m [36m# [STEP2] ユーザログイン後のテスト ユーザ一覧画面のテスト サイドバーの確認 自分の名前と紹介文が表示される[0m
[31mrspec ./spec/system/02_after_login_spec.rb:290[0m [36m# [STEP2] ユーザログイン後のテスト ユーザ一覧画面のテスト サイドバーの確認 自分のユーザ編集画面へのリンクが存在する[0m
[31mrspec ./spec/system/02_after_login_spec.rb:293[0m [36m# [STEP2] ユーザログイン後のテスト ユーザ一覧画面のテスト サイドバーの確認 「New book」と表示される[0m
[31mrspec ./spec/system/02_after_login_spec.rb:296[0m [36m# [STEP2] ユーザログイン後のテスト ユーザ一覧画面のテスト サイドバーの確認 titleフォームが表示される[0m
[31mrspec ./spec/system/02_after_login_spec.rb:299[0m [36m# [STEP2] ユーザログイン後のテスト ユーザ一覧画面のテスト サイドバーの確認 titleフォームに値が入っていない[0m
[31mrspec ./spec/system/02_after_login_spec.rb:302[0m [36m# [STEP2] ユーザログイン後のテスト ユーザ一覧画面のテスト サイドバーの確認 bodyフォームが表示される[0m
[31mrspec ./spec/system/02_after_login_spec.rb:305[0m [36m# [STEP2] ユーザログイン後のテスト ユーザ一覧画面のテスト サイドバーの確認 bodyフォームに値が入っていない[0m
[31mrspec ./spec/system/02_after_login_spec.rb:308[0m [36m# [STEP2] ユーザログイン後のテスト ユーザ一覧画面のテスト サイドバーの確認 Create Bookボタンが表示される[0m
[31mrspec ./spec/system/02_after_login_spec.rb:320[0m [36m# [STEP2] ユーザログイン後のテスト 自分のユーザ詳細画面のテスト 表示の確認 URLが正しい[0m
[31mrspec ./spec/system/02_after_login_spec.rb:323[0m [36m# [STEP2] ユーザログイン後のテスト 自分のユーザ詳細画面のテスト 表示の確認 投稿一覧のユーザ画像のリンク先が正しい[0m
[31mrspec ./spec/system/02_after_login_spec.rb:326[0m [36m# [STEP2] ユーザログイン後のテスト 自分のユーザ詳細画面のテスト 表示の確認 投稿一覧に自分の投稿のtitleが表示され、リンクが正しい[0m
[31mrspec ./spec/system/02_after_login_spec.rb:329[0m [36m# [STEP2] ユーザログイン後のテスト 自分のユーザ詳細画面のテスト 表示の確認 投稿一覧に自分の投稿のbodyが表示される[0m
[31mrspec ./spec/system/02_after_login_spec.rb:332[0m [36m# [STEP2] ユーザログイン後のテスト 自分のユーザ詳細画面のテスト 表示の確認 他人の投稿は表示されない[0m
[31mrspec ./spec/system/02_after_login_spec.rb:340[0m [36m# [STEP2] ユーザログイン後のテスト 自分のユーザ詳細画面のテスト サイドバーの確認 自分の名前と紹介文が表示される[0m
[31mrspec ./spec/system/02_after_login_spec.rb:344[0m [36m# [STEP2] ユーザログイン後のテスト 自分のユーザ詳細画面のテスト サイドバーの確認 自分のユーザ編集画面へのリンクが存在する[0m
[31mrspec ./spec/system/02_after_login_spec.rb:347[0m [36m# [STEP2] ユーザログイン後のテスト 自分のユーザ詳細画面のテスト サイドバーの確認 「New book」と表示される[0m
[31mrspec ./spec/system/02_after_login_spec.rb:350[0m [36m# [STEP2] ユーザログイン後のテスト 自分のユーザ詳細画面のテスト サイドバーの確認 titleフォームが表示される[0m
[31mrspec ./spec/system/02_after_login_spec.rb:353[0m [36m# [STEP2] ユーザログイン後のテスト 自分のユーザ詳細画面のテスト サイドバーの確認 titleフォームに値が入っていない[0m
[31mrspec ./spec/system/02_after_login_spec.rb:356[0m [36m# [STEP2] ユーザログイン後のテスト 自分のユーザ詳細画面のテスト サイドバーの確認 bodyフォームが表示される[0m
[31mrspec ./spec/system/02_after_login_spec.rb:359[0m [36m# [STEP2] ユーザログイン後のテスト 自分のユーザ詳細画面のテスト サイドバーの確認 bodyフォームに値が入っていない[0m
[31mrspec ./spec/system/02_after_login_spec.rb:362[0m [36m# [STEP2] ユーザログイン後のテスト 自分のユーザ詳細画面のテスト サイドバーの確認 Create Bookボタンが表示される[0m
[31mrspec ./spec/system/02_after_login_spec.rb:374[0m [36m# [STEP2] ユーザログイン後のテスト 自分のユーザ情報編集画面のテスト 表示の確認 URLが正しい[0m
[31mrspec ./spec/system/02_after_login_spec.rb:377[0m [36m# [STEP2] ユーザログイン後のテスト 自分のユーザ情報編集画面のテスト 表示の確認 名前編集フォームに自分の名前が表示される[0m
[31mrspec ./spec/system/02_after_login_spec.rb:380[0m [36m# [STEP2] ユーザログイン後のテスト 自分のユーザ情報編集画面のテスト 表示の確認 画像編集フォームが表示される[0m
[31mrspec ./spec/system/02_after_login_spec.rb:383[0m [36m# [STEP2] ユーザログイン後のテスト 自分のユーザ情報編集画面のテスト 表示の確認 自己紹介編集フォームに自分の自己紹介文が表示される[0m
[31mrspec ./spec/system/02_after_login_spec.rb:386[0m [36m# [STEP2] ユーザログイン後のテスト 自分のユーザ情報編集画面のテスト 表示の確認 Update Userボタンが表示される[0m
[31mrspec ./spec/system/02_after_login_spec.rb:402[0m [36m# [STEP2] ユーザログイン後のテスト 自分のユーザ情報編集画面のテスト 更新成功のテスト nameが正しく更新される[0m
[31mrspec ./spec/system/02_after_login_spec.rb:405[0m [36m# [STEP2] ユーザログイン後のテスト 自分のユーザ情報編集画面のテスト 更新成功のテスト introductionが正しく更新される[0m
[31mrspec ./spec/system/02_after_login_spec.rb:408[0m [36m# [STEP2] ユーザログイン後のテスト 自分のユーザ情報編集画面のテスト 更新成功のテスト リダイレクト先が、自分のユーザ詳細画面になっている[0m
[31mrspec ./spec/system/03_finishing_touches_spec.rb:28[0m [36m# [STEP3] 仕上げのテスト サクセスメッセージのテスト ユーザログアウト成功時[0m
[31mrspec ./spec/system/03_finishing_touches_spec.rb:38[0m [36m# [STEP3] 仕上げのテスト サクセスメッセージのテスト ユーザのプロフィール情報更新成功時[0m
[31mrspec ./spec/system/03_finishing_touches_spec.rb:47[0m [36m# [STEP3] 仕上げのテスト サクセスメッセージのテスト 投稿データの新規投稿成功時: 投稿一覧画面から行います。[0m
[31mrspec ./spec/system/03_finishing_touches_spec.rb:58[0m [36m# [STEP3] 仕上げのテスト サクセスメッセージのテスト 投稿データの更新成功時[0m
[31mrspec ./spec/system/03_finishing_touches_spec.rb:109[0m [36m# [STEP3] 仕上げのテスト 処理失敗時のテスト ユーザのプロフィール情報編集失敗: nameを1文字にする 更新されない[0m
[31mrspec ./spec/system/03_finishing_touches_spec.rb:112[0m [36m# [STEP3] 仕上げのテスト 処理失敗時のテスト ユーザのプロフィール情報編集失敗: nameを1文字にする ユーザ編集画面を表示しており、フォームの内容が正しい[0m
[31mrspec ./spec/system/03_finishing_touches_spec.rb:115[0m [36m# [STEP3] 仕上げのテスト 処理失敗時のテスト ユーザのプロフィール情報編集失敗: nameを1文字にする バリデーションエラーが表示される[0m
[31mrspec ./spec/system/03_finishing_touches_spec.rb:131[0m [36m# [STEP3] 仕上げのテスト 処理失敗時のテスト 投稿データの新規投稿失敗: 投稿一覧画面から行い、titleを空にする 投稿が保存されない[0m
[31mrspec ./spec/system/03_finishing_touches_spec.rb:134[0m [36m# [STEP3] 仕上げのテスト 処理失敗時のテスト 投稿データの新規投稿失敗: 投稿一覧画面から行い、titleを空にする 投稿一覧画面を表示している[0m
[31mrspec ./spec/system/03_finishing_touches_spec.rb:144[0m [36m# [STEP3] 仕上げのテスト 処理失敗時のテスト 投稿データの新規投稿失敗: 投稿一覧画面から行い、titleを空にする バリデーションエラーが表示される[0m
[31mrspec ./spec/system/03_finishing_touches_spec.rb:162[0m [36m# [STEP3] 仕上げのテスト 処理失敗時のテスト 投稿データの更新失敗: titleを空にする 投稿が更新されない[0m
[31mrspec ./spec/system/03_finishing_touches_spec.rb:165[0m [36m# [STEP3] 仕上げのテスト 処理失敗時のテスト 投稿データの更新失敗: titleを空にする 投稿編集画面を表示しており、フォームの内容が正しい[0m
[31mrspec ./spec/system/03_finishing_touches_spec.rb:170[0m [36m# [STEP3] 仕上げのテスト 処理失敗時のテスト 投稿データの更新失敗: titleを空にする エラーメッセージが表示される[0m
[31mrspec ./spec/system/03_finishing_touches_spec.rb:179[0m [36m# [STEP3] 仕上げのテスト ログインしていない場合のアクセス制限のテスト: アクセスできず、ログイン画面に遷移する ユーザ一覧画面[0m
[31mrspec ./spec/system/03_finishing_touches_spec.rb:183[0m [36m# [STEP3] 仕上げのテスト ログインしていない場合のアクセス制限のテスト: アクセスできず、ログイン画面に遷移する ユーザ詳細画面[0m
[31mrspec ./spec/system/03_finishing_touches_spec.rb:187[0m [36m# [STEP3] 仕上げのテスト ログインしていない場合のアクセス制限のテスト: アクセスできず、ログイン画面に遷移する ユーザ情報編集画面[0m
[31mrspec ./spec/system/03_finishing_touches_spec.rb:191[0m [36m# [STEP3] 仕上げのテスト ログインしていない場合のアクセス制限のテスト: アクセスできず、ログイン画面に遷移する 投稿一覧画面[0m
[31mrspec ./spec/system/03_finishing_touches_spec.rb:195[0m [36m# [STEP3] 仕上げのテスト ログインしていない場合のアクセス制限のテスト: アクセスできず、ログイン画面に遷移する 投稿詳細画面[0m
[31mrspec ./spec/system/03_finishing_touches_spec.rb:199[0m [36m# [STEP3] 仕上げのテスト ログインしていない場合のアクセス制限のテスト: アクセスできず、ログイン画面に遷移する 投稿編集画面[0m
[31mrspec ./spec/system/03_finishing_touches_spec.rb:222[0m [36m# [STEP3] 仕上げのテスト 他人の画面のテスト 他人の投稿詳細画面のテスト 表示内容の確認 「Book detail」と表示される[0m
[31mrspec ./spec/system/03_finishing_touches_spec.rb:225[0m [36m# [STEP3] 仕上げのテスト 他人の画面のテスト 他人の投稿詳細画面のテスト 表示内容の確認 ユーザ画像・名前のリンク先が正しい[0m
[31mrspec ./spec/system/03_finishing_touches_spec.rb:243[0m [36m# [STEP3] 仕上げのテスト 他人の画面のテスト 他人の投稿詳細画面のテスト サイドバーの確認 他人の名前と紹介文が表示される[0m
[31mrspec ./spec/system/03_finishing_touches_spec.rb:247[0m [36m# [STEP3] 仕上げのテスト 他人の画面のテスト 他人の投稿詳細画面のテスト サイドバーの確認 他人のユーザ編集画面へのリンクが存在する[0m
[31mrspec ./spec/system/03_finishing_touches_spec.rb:279[0m [36m# [STEP3] 仕上げのテスト 他人の画面のテスト 他人のユーザ詳細画面のテスト 表示の確認 URLが正しい[0m
[31mrspec ./spec/system/03_finishing_touches_spec.rb:282[0m [36m# [STEP3] 仕上げのテスト 他人の画面のテスト 他人のユーザ詳細画面のテスト 表示の確認 投稿一覧のユーザ画像のリンク先が正しい[0m
[31mrspec ./spec/system/03_finishing_touches_spec.rb:285[0m [36m# [STEP3] 仕上げのテスト 他人の画面のテスト 他人のユーザ詳細画面のテスト 表示の確認 投稿一覧に他人の投稿のtitleが表示され、リンクが正しい[0m
[31mrspec ./spec/system/03_finishing_touches_spec.rb:288[0m [36m# [STEP3] 仕上げのテスト 他人の画面のテスト 他人のユーザ詳細画面のテスト 表示の確認 投稿一覧に他人の投稿のopinionが表示される[0m
[31mrspec ./spec/system/03_finishing_touches_spec.rb:291[0m [36m# [STEP3] 仕上げのテスト 他人の画面のテスト 他人のユーザ詳細画面のテスト 表示の確認 自分の投稿は表示されない[0m
[31mrspec ./spec/system/03_finishing_touches_spec.rb:298[0m [36m# [STEP3] 仕上げのテスト 他人の画面のテスト 他人のユーザ詳細画面のテスト サイドバーの確認 他人の名前と紹介文が表示される[0m
[31mrspec ./spec/system/03_finishing_touches_spec.rb:302[0m [36m# [STEP3] 仕上げのテスト 他人の画面のテスト 他人のユーザ詳細画面のテスト サイドバーの確認 他人のユーザ編集画面へのリンクが存在する[0m
[31mrspec ./spec/system/03_finishing_touches_spec.rb:305[0m [36m# [STEP3] 仕上げのテスト 他人の画面のテスト 他人のユーザ詳細画面のテスト サイドバーの確認 自分の名前と紹介文は表示されない[0m
[31mrspec ./spec/system/03_finishing_touches_spec.rb:309[0m [36m# [STEP3] 仕上げのテスト 他人の画面のテスト 他人のユーザ詳細画面のテスト サイドバーの確認 自分のユーザ編集画面へのリンクは存在しない[0m
[31mrspec ./spec/system/03_finishing_touches_spec.rb:316[0m [36m# [STEP3] 仕上げのテスト 他人の画面のテスト 他人のユーザ情報編集画面 遷移できず、自分のユーザ詳細画面にリダイレクトされる[0m
[31mrspec ./spec/system/03_finishing_touches_spec.rb:333[0m [36m# [STEP3] 仕上げのテスト グリッドシステムのテスト: container, row, col-md-〇を正しく使えている ユーザ一覧画面[0m
[31mrspec ./spec/system/03_finishing_touches_spec.rb:338[0m [36m# [STEP3] 仕上げのテスト グリッドシステムのテスト: container, row, col-md-〇を正しく使えている ユーザ詳細画面[0m
[31mrspec ./spec/system/03_finishing_touches_spec.rb:343[0m [36m# [STEP3] 仕上げのテスト グリッドシステムのテスト: container, row, col-md-〇を正しく使えている 投稿一覧画面[0m
[31mrspec ./spec/system/03_finishing_touches_spec.rb:348[0m [36m# [STEP3] 仕上げのテスト グリッドシステムのテスト: container, row, col-md-〇を正しく使えている 投稿詳細画面[0m
[31mrspec ./spec/system/03_finishing_touches_spec.rb:363[0m [36m# [STEP3] 仕上げのテスト アイコンのテスト トップ画面 本のアイコンが表示される[0m
[31mrspec ./spec/system/03_finishing_touches_spec.rb:375[0m [36m# [STEP3] 仕上げのテスト アイコンのテスト アバウト画面 本のアイコンが表示される[0m
[31mrspec ./spec/system/03_finishing_touches_spec.rb:387[0m [36m# [STEP3] 仕上げのテスト アイコンのテスト ヘッダー: ログインしていない場合 Homeリンクのアイコンが表示される[0m
[31mrspec ./spec/system/03_finishing_touches_spec.rb:390[0m [36m# [STEP3] 仕上げのテスト アイコンのテスト ヘッダー: ログインしていない場合 Aboutリンクのアイコンが表示される[0m
[31mrspec ./spec/system/03_finishing_touches_spec.rb:393[0m [36m# [STEP3] 仕上げのテスト アイコンのテスト ヘッダー: ログインしていない場合 Sign upリンクのアイコンが表示される[0m
[31mrspec ./spec/system/03_finishing_touches_spec.rb:396[0m [36m# [STEP3] 仕上げのテスト アイコンのテスト ヘッダー: ログインしていない場合 Log inリンクのアイコンが表示される[0m
[31mrspec ./spec/system/03_finishing_touches_spec.rb:411[0m [36m# [STEP3] 仕上げのテスト アイコンのテスト ヘッダー: ログインしている場合 Homeリンクのアイコンが表示される[0m
[31mrspec ./spec/system/03_finishing_touches_spec.rb:414[0m [36m# [STEP3] 仕上げのテスト アイコンのテスト ヘッダー: ログインしている場合 Usersリンクのアイコンが表示される[0m
[31mrspec ./spec/system/03_finishing_touches_spec.rb:417[0m [36m# [STEP3] 仕上げのテスト アイコンのテスト ヘッダー: ログインしている場合 Booksリンクのアイコンが表示される[0m
[31mrspec ./spec/system/03_finishing_touches_spec.rb:420[0m [36m# [STEP3] 仕上げのテスト アイコンのテスト ヘッダー: ログインしている場合 Log outリンクのアイコンが表示される[0m
[31mrspec ./spec/system/03_finishing_touches_spec.rb:435[0m [36m# [STEP3] 仕上げのテスト アイコンのテスト サイドバー ユーザ一覧画面でレンチアイコンが表示される[0m
[31mrspec ./spec/system/03_finishing_touches_spec.rb:439[0m [36m# [STEP3] 仕上げのテスト アイコンのテスト サイドバー ユーザ詳細画面でレンチアイコンが表示される[0m
[31mrspec ./spec/system/03_finishing_touches_spec.rb:443[0m [36m# [STEP3] 仕上げのテスト アイコンのテスト サイドバー 投稿一覧画面でレンチアイコンが表示される[0m
[31mrspec ./spec/system/03_finishing_touches_spec.rb:447[0m [36m# [STEP3] 仕上げのテスト アイコンのテスト サイドバー 投稿詳細画面でレンチアイコンが表示される[0m

